2025-04-25 16:39:52,427 - basicLogger - DEBUG - SUCCESS DATABASE - add_activity (trace id: be3d729a-7cbc-4dfb-8b80-66681f51fe7b)
2025-04-25 16:41:33,287 - basicLogger - DEBUG - SUCCESS DATABASE - add_match (trace id: b01d10d0-efe0-4779-a123-75997254e9d4)
2025-04-25 16:43:57,192 - basicLogger - DEBUG - SUCCESS DATABASE - add_activity (trace id: df6d5965-039e-4e78-b1d5-db030fb02bab)
2025-04-25 16:43:57,198 - basicLogger - DEBUG - SUCCESS DATABASE - add_activity (trace id: 7dafba86-aef5-42c9-bdb3-cbcf3e78aa84)
2025-04-25 16:43:57,255 - basicLogger - DEBUG - SUCCESS DATABASE - add_match (trace id: 30beb25c-2578-4b4b-b4ec-34226208d630)
2025-04-25 16:43:57,259 - basicLogger - DEBUG - SUCCESS DATABASE - add_match (trace id: 3e3f0446-3697-4435-8d0c-b022540fb587)
2025-04-25 16:43:57,276 - basicLogger - DEBUG - SUCCESS DATABASE - add_activity (trace id: 34745b45-dd83-4569-88e0-542e2895d56a)
2025-04-25 16:43:57,316 - basicLogger - DEBUG - SUCCESS DATABASE - add_activity (trace id: 0834405f-8b74-490d-9471-c0e01beecb87)
2025-04-25 16:43:57,327 - basicLogger - DEBUG - SUCCESS DATABASE - add_activity (trace id: b721ae91-48fd-4663-b2c7-da8666806401)
2025-04-25 16:43:57,331 - basicLogger - DEBUG - SUCCESS DATABASE - add_match (trace id: dc340ee1-ea28-4a32-968e-78c9c0d93628)
2025-04-25 16:43:57,361 - basicLogger - DEBUG - SUCCESS DATABASE - add_match (trace id: 749dad5d-7eca-4492-96dd-f1b4fb3f7aa4)
2025-04-25 16:43:57,437 - basicLogger - DEBUG - SUCCESS DATABASE - add_activity (trace id: 955be275-4a4a-4af2-a933-614b0e47e1a0)
2025-04-25 16:43:57,442 - basicLogger - DEBUG - SUCCESS DATABASE - add_match (trace id: 241c328e-e697-4af9-85f6-7b4d713db119)
2025-04-25 16:43:57,448 - basicLogger - DEBUG - SUCCESS DATABASE - add_activity (trace id: 4af7cef5-776d-42e4-8b64-9c6b5a99a930)
2025-04-25 16:43:57,453 - basicLogger - DEBUG - SUCCESS DATABASE - add_activity (trace id: 6234b1f2-b3dc-4e86-9b25-bde2b4283e0f)
2025-04-25 16:43:57,507 - basicLogger - DEBUG - SUCCESS DATABASE - add_activity (trace id: e4d0e914-d06a-4a40-9eaf-0608f5f1bd45)
2025-04-25 16:43:57,557 - basicLogger - DEBUG - SUCCESS DATABASE - add_match (trace id: 0416fa32-67c0-42cb-a04c-7f0656555295)
2025-04-25 16:43:57,569 - basicLogger - DEBUG - SUCCESS DATABASE - add_match (trace id: 572094fb-380c-42ec-864a-ee14153e9254)
2025-04-25 16:43:57,573 - basicLogger - DEBUG - SUCCESS DATABASE - add_match (trace id: 00b64845-bd6f-46a5-8107-8cdc83006499)
2025-04-25 16:43:57,585 - basicLogger - DEBUG - SUCCESS DATABASE - add_activity (trace id: a2fad440-18e0-49a0-aaa8-1ae7deefb4cb)
2025-04-25 16:43:57,628 - basicLogger - DEBUG - SUCCESS DATABASE - add_match (trace id: c7231edf-5fdd-493b-b935-eb7e7c70f3d4)
2025-04-25 16:43:57,657 - basicLogger - DEBUG - SUCCESS DATABASE - add_activity (trace id: bd1f6007-3046-4758-ae81-fe5832de90f4)
2025-04-25 16:43:57,687 - basicLogger - DEBUG - SUCCESS DATABASE - add_activity (trace id: 302fcca8-4379-4e57-afb6-602ae913b855)
2025-04-25 16:43:57,700 - basicLogger - DEBUG - SUCCESS DATABASE - add_activity (trace id: 4a0abf28-83db-492a-b875-aa5fb68c55eb)
2025-04-25 16:43:57,714 - basicLogger - DEBUG - SUCCESS DATABASE - add_activity (trace id: 2879cfad-5e8d-4161-a0d2-6fb1c50f9e84)
2025-04-25 16:43:57,727 - basicLogger - DEBUG - SUCCESS DATABASE - add_match (trace id: 9f18bc98-c6d1-4c68-b069-b51ed8c77947)
2025-04-25 16:43:57,773 - basicLogger - DEBUG - SUCCESS DATABASE - add_activity (trace id: f5a1ba6f-2263-43b1-8059-452290b81122)
2025-04-25 16:43:57,784 - basicLogger - DEBUG - SUCCESS DATABASE - add_activity (trace id: 8cc33d64-dabe-419c-bc41-67b78f279262)
2025-04-25 16:43:57,847 - basicLogger - DEBUG - SUCCESS DATABASE - add_match (trace id: e8641dea-7f64-492f-a6d9-9554898148bd)
2025-04-25 16:43:57,852 - basicLogger - DEBUG - SUCCESS DATABASE - add_match (trace id: a095aa24-c31d-4e99-98e3-aeb5185ef8ed)
2025-04-25 16:43:57,875 - basicLogger - DEBUG - SUCCESS DATABASE - add_match (trace id: 4cf2d3f2-4146-4432-9181-8a77de53b6d8)
2025-04-25 16:43:57,894 - basicLogger - DEBUG - SUCCESS DATABASE - add_activity (trace id: bb04f721-24e0-4a63-b232-ff30f06343a7)
2025-04-25 16:43:57,932 - basicLogger - DEBUG - SUCCESS DATABASE - add_activity (trace id: c8ae608b-085e-4a4c-a72d-545d1c0c7477)
2025-04-25 16:43:57,944 - basicLogger - DEBUG - SUCCESS DATABASE - add_match (trace id: adb785fe-83d2-479f-bd08-0187df49476c)
2025-04-25 16:43:57,961 - basicLogger - DEBUG - SUCCESS DATABASE - add_match (trace id: 1213e255-7381-4d87-9e97-1cf60396de25)
2025-04-25 16:43:58,009 - basicLogger - DEBUG - SUCCESS DATABASE - add_activity (trace id: a19f9667-3932-4173-aa88-3d2bfc0d965d)
2025-04-25 16:43:58,031 - basicLogger - DEBUG - SUCCESS DATABASE - add_activity (trace id: 1a762c37-5b53-4075-b84a-79bdbdeaf300)
2025-04-25 16:43:58,035 - basicLogger - DEBUG - SUCCESS DATABASE - add_match (trace id: fdc86d7a-64a0-445e-8403-585f5d48ad87)
2025-04-25 16:43:58,041 - basicLogger - DEBUG - SUCCESS DATABASE - add_activity (trace id: 538bbf2c-d2f0-4598-a15c-75c70e64feb8)
2025-04-25 16:43:58,102 - basicLogger - DEBUG - SUCCESS DATABASE - add_activity (trace id: 593aa8a2-ced1-4227-8f23-309af0dafedd)
2025-04-25 16:43:58,106 - basicLogger - DEBUG - SUCCESS DATABASE - add_match (trace id: 6403cc41-90e3-4814-bf93-ececff966dfc)
2025-04-25 16:43:58,119 - basicLogger - DEBUG - SUCCESS DATABASE - add_activity (trace id: 82b98056-e33d-4ccb-8eed-ffa1f990c99d)
2025-04-25 16:43:58,124 - basicLogger - DEBUG - SUCCESS DATABASE - add_match (trace id: 57055740-056d-49f5-a47b-de3094bb4159)
2025-04-25 16:43:58,134 - basicLogger - DEBUG - SUCCESS DATABASE - add_activity (trace id: 3ba4b2a5-8545-4fb3-80aa-37de22c347a7)
2025-04-25 16:43:58,190 - basicLogger - DEBUG - SUCCESS DATABASE - add_match (trace id: 8486c79f-f367-43bf-b09c-a390e2c617f5)
2025-04-25 16:43:58,201 - basicLogger - DEBUG - SUCCESS DATABASE - add_activity (trace id: eb4ab4bd-d1cf-4610-80c0-d80077a26794)
2025-04-25 16:43:58,223 - basicLogger - DEBUG - SUCCESS DATABASE - add_match (trace id: 21c12d99-a321-4541-b65e-bba943bb45d3)
2025-04-25 16:43:58,242 - basicLogger - DEBUG - SUCCESS DATABASE - add_match (trace id: bd22ba64-58a8-44ba-b070-197ff523935d)
2025-04-25 16:43:58,302 - basicLogger - DEBUG - SUCCESS DATABASE - add_activity (trace id: 6357a627-3430-4f09-861f-24f54ff07828)
2025-04-25 16:43:58,306 - basicLogger - DEBUG - SUCCESS DATABASE - add_activity (trace id: 3c325ef7-699e-4499-bb85-63ce4eb9c3b8)
2025-04-25 16:43:58,310 - basicLogger - DEBUG - SUCCESS DATABASE - add_match (trace id: 365155e6-e1ad-428a-bfce-1742e6c50f70)
2025-04-25 16:43:58,314 - basicLogger - DEBUG - SUCCESS DATABASE - add_activity (trace id: e6c32c66-aa78-4174-b6b5-d458bfa027ae)
2025-04-25 16:43:58,339 - basicLogger - DEBUG - SUCCESS DATABASE - add_match (trace id: ddef0c57-7092-4aa3-85dc-12262ce022d3)
2025-04-25 16:43:58,343 - basicLogger - DEBUG - SUCCESS DATABASE - add_match (trace id: 8f52541d-342b-43f3-aea9-82c01d392d05)
2025-04-25 16:43:58,372 - basicLogger - DEBUG - SUCCESS DATABASE - add_activity (trace id: d8f860bb-6f4f-458e-8a7d-37251c7f2cfe)
2025-04-25 16:43:58,444 - basicLogger - DEBUG - SUCCESS DATABASE - add_activity (trace id: 7126b645-a97e-4725-b9b7-9ee9a41dfbc5)
2025-04-25 16:43:58,455 - basicLogger - DEBUG - SUCCESS DATABASE - add_match (trace id: 0fc09d71-a1b1-435c-91b0-0a5c9a4ffd72)
2025-04-25 16:43:58,470 - basicLogger - DEBUG - SUCCESS DATABASE - add_activity (trace id: 6c3bd835-fb3d-451e-8a27-63cf1e720f88)
2025-04-25 16:43:58,492 - basicLogger - DEBUG - SUCCESS DATABASE - add_match (trace id: edfbe163-e962-40b8-84be-a5e3b456774e)
2025-04-25 16:43:58,517 - basicLogger - DEBUG - SUCCESS DATABASE - add_match (trace id: b2ce1cb7-9353-462e-ba79-b024e0275ab6)
2025-04-25 16:43:58,531 - basicLogger - DEBUG - SUCCESS DATABASE - add_match (trace id: 987a0401-3049-45ea-afa9-2c24a90e2e8e)
2025-04-25 16:43:58,535 - basicLogger - DEBUG - SUCCESS DATABASE - add_activity (trace id: 66498286-348a-4485-84b3-b8150b7148f7)
2025-04-25 16:43:58,539 - basicLogger - DEBUG - SUCCESS DATABASE - add_activity (trace id: ec5c869a-4169-4abc-9325-4724b746100e)
2025-04-25 16:43:58,542 - basicLogger - DEBUG - SUCCESS DATABASE - add_activity (trace id: 4703463a-3003-477e-9d3f-8aebb90eb786)
2025-04-25 16:43:58,570 - basicLogger - DEBUG - SUCCESS DATABASE - add_match (trace id: 4518cfc3-40bb-4831-baed-21d8c821e9bf)
2025-04-25 16:43:58,675 - basicLogger - DEBUG - SUCCESS DATABASE - add_match (trace id: a3396810-b417-405f-ad75-74e551dfb822)
2025-04-25 16:43:58,682 - basicLogger - DEBUG - SUCCESS DATABASE - add_activity (trace id: ca23e446-8c5c-4ccc-bba7-c103a22e9031)
2025-04-25 16:43:58,702 - basicLogger - DEBUG - SUCCESS DATABASE - add_match (trace id: c70e22f4-1adc-43a9-88c5-ff4ac46d86b6)
2025-04-25 16:43:58,705 - basicLogger - DEBUG - SUCCESS DATABASE - add_activity (trace id: 55fe9d0d-b276-48fc-96c3-928672ac74b2)
2025-04-25 16:43:58,715 - basicLogger - DEBUG - SUCCESS DATABASE - add_activity (trace id: 69ba90f6-e26a-4199-90b4-c392d6fed1e9)
2025-04-25 16:43:58,730 - basicLogger - DEBUG - SUCCESS DATABASE - add_match (trace id: ed1dd89d-8d99-46a1-b5cd-eda5b1e4024f)
2025-04-25 16:43:58,745 - basicLogger - DEBUG - SUCCESS DATABASE - add_activity (trace id: 1213f0e5-eb48-40d1-af26-ecc2688125e9)
2025-04-25 16:43:58,761 - basicLogger - DEBUG - SUCCESS DATABASE - add_match (trace id: be1b4f73-c72d-40de-8965-ce2a17ded55d)
2025-04-25 16:43:58,765 - basicLogger - DEBUG - SUCCESS DATABASE - add_activity (trace id: 6f9a0af5-7674-4e1e-b6fb-06f7d1be9e69)
2025-04-25 16:43:58,791 - basicLogger - DEBUG - SUCCESS DATABASE - add_match (trace id: 45b5cf0a-5891-4ad2-bf99-9c312b56fb22)
2025-04-25 16:43:59,745 - basicLogger - DEBUG - SUCCESS DATABASE - add_match (trace id: f4ce6c53-2386-4a83-93db-6848f7dab219)
2025-04-25 16:43:59,753 - basicLogger - DEBUG - SUCCESS DATABASE - add_activity (trace id: 73c1f509-7745-49e6-8cec-cb24651eecd0)
2025-04-25 16:43:59,772 - basicLogger - DEBUG - SUCCESS DATABASE - add_activity (trace id: d0af7f21-cd7b-4a3d-914d-7c3c4c2918d2)
2025-04-25 16:43:59,788 - basicLogger - DEBUG - SUCCESS DATABASE - add_activity (trace id: 78576342-ad14-4c4e-ae09-25cf0146eb60)
2025-04-25 16:43:59,792 - basicLogger - DEBUG - SUCCESS DATABASE - add_match (trace id: 01f77757-a9ba-4e80-bbea-1368d82b5773)
2025-04-25 16:43:59,797 - basicLogger - DEBUG - SUCCESS DATABASE - add_match (trace id: 1410eef7-4693-4939-9ef7-71bb4c4e8784)
2025-04-25 16:43:59,803 - basicLogger - DEBUG - SUCCESS DATABASE - add_match (trace id: dd4d4964-df9c-499f-ba56-653d63a6971f)
2025-04-25 16:43:59,829 - basicLogger - DEBUG - SUCCESS DATABASE - add_match (trace id: 921787da-32ac-428e-a57b-176286dc91a0)
2025-04-25 16:43:59,834 - basicLogger - DEBUG - SUCCESS DATABASE - add_activity (trace id: bfacdbef-6c0b-430a-bf2d-e36a29aadc65)
2025-04-25 16:43:56,705 - basicLogger - DEBUG - SUCCESS DATABASE - add_activity (trace id: ef4207e4-bfa7-43cf-b93b-15bcb1c44f12)
2025-04-25 16:43:56,796 - basicLogger - DEBUG - SUCCESS DATABASE - add_match (trace id: 8ac9ef45-1900-4760-a0dc-572b90a432a5)
2025-04-25 16:43:56,815 - basicLogger - DEBUG - SUCCESS DATABASE - add_activity (trace id: c3f1524f-330d-4fa0-8df4-3e1ebc8d798c)
2025-04-25 16:43:56,820 - basicLogger - DEBUG - SUCCESS DATABASE - add_match (trace id: 06da73cf-390a-4673-a5e0-93296971c5e2)
2025-04-25 16:43:56,836 - basicLogger - DEBUG - SUCCESS DATABASE - add_activity (trace id: 3b1d634c-c18c-449a-8343-d253f36d0cee)
2025-04-25 16:43:56,842 - basicLogger - DEBUG - SUCCESS DATABASE - add_match (trace id: 2917c470-d2b4-4419-8352-42d094181b72)
2025-04-25 16:43:56,848 - basicLogger - DEBUG - SUCCESS DATABASE - add_activity (trace id: c39125be-2bf4-4734-bdc8-542fb4e3b41c)
2025-04-25 16:43:56,853 - basicLogger - DEBUG - SUCCESS DATABASE - add_activity (trace id: bb6f93d1-4529-4ef2-a260-d3c408a635e7)
2025-04-25 16:43:56,869 - basicLogger - DEBUG - SUCCESS DATABASE - add_match (trace id: 0c4c5fd9-f6d8-4250-9690-90df312c1dac)
2025-04-25 16:43:56,873 - basicLogger - DEBUG - SUCCESS DATABASE - add_activity (trace id: c1da4624-69e3-4502-a3a1-114ddd6e0481)
2025-04-25 16:43:56,905 - basicLogger - DEBUG - SUCCESS DATABASE - add_match (trace id: 7fe905ca-f97d-452e-b7af-2717906560f9)
2025-04-25 16:43:57,005 - basicLogger - DEBUG - SUCCESS DATABASE - add_activity (trace id: e4563630-484f-456c-9176-9d9311a72985)
2025-04-25 16:43:57,036 - basicLogger - DEBUG - SUCCESS DATABASE - add_match (trace id: faa74bdf-4581-4e45-9bcc-95c2c65173cb)
2025-04-25 16:43:57,040 - basicLogger - DEBUG - SUCCESS DATABASE - add_activity (trace id: 440a0e6c-ee8e-457d-8d60-7c95b9f8e4b0)
2025-04-25 16:43:57,047 - basicLogger - DEBUG - SUCCESS DATABASE - add_match (trace id: e2e99ee2-a152-4a9c-83fb-1665b9e621dd)
2025-04-25 16:43:57,052 - basicLogger - DEBUG - SUCCESS DATABASE - add_activity (trace id: 7f48b899-66f4-499d-adf9-4a308143eb13)
2025-04-25 16:43:57,057 - basicLogger - DEBUG - SUCCESS DATABASE - add_activity (trace id: 183892b1-4d79-42b0-ae19-1aeea5bb6f75)
2025-04-25 16:43:57,070 - basicLogger - DEBUG - SUCCESS DATABASE - add_match (trace id: 7a3e1dc0-da5b-4d05-8d08-f0bf9076bf50)
2025-04-25 16:43:57,074 - basicLogger - DEBUG - SUCCESS DATABASE - add_match (trace id: 5a47873f-c274-473a-8b4c-4492b37bc2ab)
2025-04-25 16:43:57,095 - basicLogger - DEBUG - SUCCESS DATABASE - add_match (trace id: f4c73ff2-ddd4-43aa-b28f-130e84c20473)
2025-04-25 16:43:57,104 - basicLogger - DEBUG - SUCCESS DATABASE - add_activity (trace id: 838cef93-6283-4b29-968f-283921947914)
2025-04-25 16:43:57,193 - basicLogger - DEBUG - SUCCESS DATABASE - add_match (trace id: 35c861e9-cfb9-491c-aa04-1337041d3e88)
2025-04-25 16:43:57,239 - basicLogger - DEBUG - SUCCESS DATABASE - add_activity (trace id: 5e119781-cca1-469d-be4c-fe16ba46ba85)
2025-04-25 16:43:57,256 - basicLogger - DEBUG - SUCCESS DATABASE - add_match (trace id: f7d421b7-9298-4225-94f4-9e9cd2110f90)
2025-04-25 16:43:57,261 - basicLogger - DEBUG - SUCCESS DATABASE - add_match (trace id: 4b5ca859-dfd1-4784-b18b-878a2b05fd8f)
2025-04-25 16:43:57,271 - basicLogger - DEBUG - SUCCESS DATABASE - add_activity (trace id: 57796159-e406-47d0-b3b4-3ca9bfd8a93a)
2025-04-25 16:43:57,281 - basicLogger - DEBUG - SUCCESS DATABASE - add_match (trace id: 36441b5b-fcff-4ba0-9c86-57888a06584c)
2025-04-25 16:43:57,287 - basicLogger - DEBUG - SUCCESS DATABASE - add_activity (trace id: 147661a6-99f6-4627-a245-1a49b2e3defc)
2025-04-25 16:43:57,292 - basicLogger - DEBUG - SUCCESS DATABASE - add_activity (trace id: 66d2306a-5ae9-4411-aa9a-fd8275a5bd29)
2025-04-25 16:43:57,314 - basicLogger - DEBUG - SUCCESS DATABASE - add_match (trace id: 4f670910-cef8-47a7-954f-a478f44ac065)
2025-04-25 16:43:57,320 - basicLogger - DEBUG - SUCCESS DATABASE - add_activity (trace id: 6192048d-805c-47d3-b88a-7c09aba86e08)
2025-04-25 16:43:57,415 - basicLogger - DEBUG - SUCCESS DATABASE - add_activity (trace id: b5664bf3-01db-4a63-8db7-7aded8911e3f)
2025-04-25 16:43:57,455 - basicLogger - DEBUG - SUCCESS DATABASE - add_match (trace id: c1789f1f-6fe8-4e3a-86e5-3957d429356d)
2025-04-25 16:43:57,459 - basicLogger - DEBUG - SUCCESS DATABASE - add_activity (trace id: 8ec5f2db-0e0d-4a87-9abd-8f3614e27b26)
2025-04-25 16:43:57,472 - basicLogger - DEBUG - SUCCESS DATABASE - add_activity (trace id: c0e65822-cf30-4f57-b42b-01954dc8fce1)
2025-04-25 16:43:57,476 - basicLogger - DEBUG - SUCCESS DATABASE - add_match (trace id: c5bc34e8-cd1b-4e47-9caa-4b68b16fd404)
2025-04-25 16:43:57,490 - basicLogger - DEBUG - SUCCESS DATABASE - add_match (trace id: aff81edf-4d57-48ff-bf76-a4aec2021055)
2025-04-25 16:43:57,496 - basicLogger - DEBUG - SUCCESS DATABASE - add_activity (trace id: 6b2bba96-9ec9-4328-ba7d-ca34ebfeffbb)
2025-04-25 16:43:57,512 - basicLogger - DEBUG - SUCCESS DATABASE - add_match (trace id: bd2cf123-0c42-4d03-9c1f-ea43fd43e132)
2025-04-25 16:43:57,538 - basicLogger - DEBUG - SUCCESS DATABASE - add_match (trace id: a0268054-bdde-4bf7-a461-5d99a4142bcc)
2025-04-25 16:43:57,542 - basicLogger - DEBUG - SUCCESS DATABASE - add_activity (trace id: 2cf7b8a0-5a6b-4944-9de7-0b424284c41d)
2025-04-25 16:43:57,640 - basicLogger - DEBUG - SUCCESS DATABASE - add_match (trace id: 014edf52-5097-4e47-bcae-ac79e12cf619)
2025-04-25 16:43:57,670 - basicLogger - DEBUG - SUCCESS DATABASE - add_activity (trace id: c8b87940-6018-421d-b694-673a5b77c326)
2025-04-25 16:43:57,675 - basicLogger - DEBUG - SUCCESS DATABASE - add_activity (trace id: f23bb3bd-3876-49c4-a3f6-cf02e5d294b1)
2025-04-25 16:43:57,679 - basicLogger - DEBUG - SUCCESS DATABASE - add_activity (trace id: 166cba55-e8e4-4bd8-a712-75486d713df8)
2025-04-25 16:43:57,684 - basicLogger - DEBUG - SUCCESS DATABASE - add_match (trace id: d5ae8110-90e7-4474-bddf-b092c1f14c4d)
2025-04-25 16:43:57,703 - basicLogger - DEBUG - SUCCESS DATABASE - add_activity (trace id: 76e0a43f-e5f4-4e31-a132-b6b8229f0c83)
2025-04-25 16:43:57,707 - basicLogger - DEBUG - SUCCESS DATABASE - add_match (trace id: 433c554f-720e-497b-a682-2b10e928f103)
2025-04-25 16:43:57,712 - basicLogger - DEBUG - SUCCESS DATABASE - add_match (trace id: f8f0cdb0-0d09-4539-97a7-1324874f652a)
2025-04-25 16:43:57,731 - basicLogger - DEBUG - SUCCESS DATABASE - add_match (trace id: 806b8f27-9270-4486-a545-83a2d0fa531d)
2025-04-25 16:43:57,746 - basicLogger - DEBUG - SUCCESS DATABASE - add_activity (trace id: a156776d-f1a9-4d7b-b0d8-363a71703692)
2025-04-25 16:43:57,837 - basicLogger - DEBUG - SUCCESS DATABASE - add_activity (trace id: d8379e51-7127-42e0-95eb-06d93777827c)
2025-04-25 16:43:57,875 - basicLogger - DEBUG - SUCCESS DATABASE - add_match (trace id: 5fd1d0c8-37e0-409a-a402-a785ffbef0ba)
2025-04-25 16:43:57,924 - basicLogger - DEBUG - SUCCESS DATABASE - add_activity (trace id: 3402761d-845a-44b7-b0e3-5b633e89c052)
2025-04-25 16:43:57,928 - basicLogger - DEBUG - SUCCESS DATABASE - add_match (trace id: 25be6ac2-0e6f-4224-a416-8f7935aa60df)
2025-04-25 16:43:57,932 - basicLogger - DEBUG - SUCCESS DATABASE - add_activity (trace id: c47e6fa5-c247-40c3-881c-c617e52adaae)
2025-04-25 16:43:57,937 - basicLogger - DEBUG - SUCCESS DATABASE - add_match (trace id: fec693c2-7d71-487e-92e5-0383b3fba61e)
2025-04-25 16:43:57,943 - basicLogger - DEBUG - SUCCESS DATABASE - add_match (trace id: b593d2aa-b86b-4c3b-a6ac-74f201b6a40d)
2025-04-25 16:43:57,953 - basicLogger - DEBUG - SUCCESS DATABASE - add_activity (trace id: ae9506a9-bd42-4a51-a7d4-4580a3d129ae)
2025-04-25 16:43:57,961 - basicLogger - DEBUG - SUCCESS DATABASE - add_activity (trace id: ad79c54a-b776-4e36-8673-f3f6a9ccf4c4)
2025-04-25 16:43:57,965 - basicLogger - DEBUG - SUCCESS DATABASE - add_match (trace id: 02f2a46c-3167-45da-b48b-5c43bcdb764d)
2025-04-25 16:43:57,973 - basicLogger - DEBUG - SUCCESS DATABASE - add_match (trace id: 0474d1e8-8215-4d06-8cff-f1138415adce)
2025-04-25 16:43:57,978 - basicLogger - DEBUG - SUCCESS DATABASE - add_activity (trace id: de031d5d-984b-4d75-9471-2b711ddb3786)
2025-04-25 16:43:58,072 - basicLogger - DEBUG - SUCCESS DATABASE - add_match (trace id: 4d3c44d7-1723-4deb-9346-d2aa99fabb0a)
2025-04-25 16:43:58,093 - basicLogger - DEBUG - SUCCESS DATABASE - add_match (trace id: e962c841-f773-4024-9740-7971bb39ec7b)
2025-04-25 16:43:58,103 - basicLogger - DEBUG - SUCCESS DATABASE - add_activity (trace id: c1f7c106-d4a3-437b-95d8-5b29ef956ca9)
2025-04-25 16:43:58,148 - basicLogger - DEBUG - SUCCESS DATABASE - add_activity (trace id: 603dfd77-9537-414f-b754-c9f6be37e824)
2025-04-25 16:43:58,153 - basicLogger - DEBUG - SUCCESS DATABASE - add_match (trace id: 2b83c4ea-6db6-4f60-9e3f-ef4f0d16199a)
2025-04-25 16:43:58,169 - basicLogger - DEBUG - SUCCESS DATABASE - add_activity (trace id: c6f47378-6d15-48d3-bc66-c270969d3322)
2025-04-25 16:43:58,180 - basicLogger - DEBUG - SUCCESS DATABASE - add_match (trace id: af43cc5e-1787-4c55-abd1-bbfe07db8830)
2025-04-25 16:43:58,209 - basicLogger - DEBUG - SUCCESS DATABASE - add_match (trace id: d2ee8cf3-2d82-49b8-a25d-5728d0543a4b)
2025-04-25 16:43:58,215 - basicLogger - DEBUG - SUCCESS DATABASE - add_activity (trace id: 2fa54172-b63d-4ec6-9f8a-e2f37ab0d5e3)
2025-04-25 16:43:58,221 - basicLogger - DEBUG - SUCCESS DATABASE - add_activity (trace id: 1040ce5f-197c-4e30-b03d-63d5256c1bdd)
2025-04-25 16:43:58,278 - basicLogger - DEBUG - SUCCESS DATABASE - add_match (trace id: fae9289f-a5c3-402e-bec3-01b47b759407)
2025-04-25 16:43:58,283 - basicLogger - DEBUG - SUCCESS DATABASE - add_activity (trace id: a284bc1e-8e25-4103-8b52-b362a8aaec0c)
2025-04-25 16:43:58,288 - basicLogger - DEBUG - SUCCESS DATABASE - add_match (trace id: bdf646ae-6a84-42f9-a20a-672fa36f544d)
2025-04-25 16:43:58,329 - basicLogger - DEBUG - SUCCESS DATABASE - add_activity (trace id: 7b5205d2-c8be-4902-a302-c753ff73f29d)
2025-04-25 16:43:58,381 - basicLogger - DEBUG - SUCCESS DATABASE - add_activity (trace id: 146888ed-67dd-4ef4-8be7-ee2ddfcd1abd)
2025-04-25 16:43:58,390 - basicLogger - DEBUG - SUCCESS DATABASE - add_match (trace id: 6225cc6e-b164-4099-a51a-1388da627618)
2025-04-25 16:43:58,397 - basicLogger - DEBUG - SUCCESS DATABASE - add_match (trace id: e9b4fe5d-a0e5-4e80-ba3f-f40a88a894a4)
2025-04-25 16:43:58,403 - basicLogger - DEBUG - SUCCESS DATABASE - add_activity (trace id: 5b724c74-8321-495c-9947-cb0ef51a2865)
2025-04-25 16:43:58,429 - basicLogger - DEBUG - SUCCESS DATABASE - add_match (trace id: 6d7d2dfa-8c4c-47d3-9361-c7dae5b7eb5c)
2025-04-25 16:43:58,446 - basicLogger - DEBUG - SUCCESS DATABASE - add_activity (trace id: 3a9d9644-f7b9-411c-931a-196894990c61)
2025-04-25 16:43:58,460 - basicLogger - DEBUG - SUCCESS DATABASE - add_activity (trace id: 45426436-0f2e-4c79-84dc-1b5a37937a0d)
2025-04-25 16:43:58,474 - basicLogger - DEBUG - SUCCESS DATABASE - add_match (trace id: 99796342-3919-4d92-a481-23bf0ef5aff3)
2025-04-25 16:43:58,515 - basicLogger - DEBUG - SUCCESS DATABASE - add_match (trace id: 6d3fbc48-30ad-44c7-9350-e473c9fd2e84)
2025-04-25 16:43:58,536 - basicLogger - DEBUG - SUCCESS DATABASE - add_match (trace id: f45f92ab-69b8-493f-aaf8-fc930b34a03e)
2025-04-25 16:43:58,556 - basicLogger - DEBUG - SUCCESS DATABASE - add_activity (trace id: 3cb4f26e-5ad5-46d0-9b97-7cf0cfa5fb8f)
2025-04-25 16:43:58,569 - basicLogger - DEBUG - SUCCESS DATABASE - add_match (trace id: 62440c42-efef-4c05-836a-482c29ce98fa)
2025-04-25 16:43:58,583 - basicLogger - DEBUG - SUCCESS DATABASE - add_activity (trace id: f2a05f1d-7098-4950-a3b9-51e147402433)
2025-04-25 16:43:58,591 - basicLogger - DEBUG - SUCCESS DATABASE - add_match (trace id: 17aeff3c-a4b0-4ed2-a968-6445a4e198f9)
2025-04-25 16:43:58,607 - basicLogger - DEBUG - SUCCESS DATABASE - add_match (trace id: a1eb2359-4b9b-43dc-b1c2-c643f42ea152)
2025-04-25 16:43:58,629 - basicLogger - DEBUG - SUCCESS DATABASE - add_activity (trace id: 5960a6f4-34df-4532-9657-ac798d9538f9)
2025-04-25 16:43:58,659 - basicLogger - DEBUG - SUCCESS DATABASE - add_match (trace id: f733d310-603b-4978-a251-43ad2d98cfbc)
2025-04-25 16:43:58,704 - basicLogger - DEBUG - SUCCESS DATABASE - add_match (trace id: d38d2fe9-e203-4ea2-8451-2eeac7d98d2a)
2025-04-25 16:43:58,716 - basicLogger - DEBUG - SUCCESS DATABASE - add_activity (trace id: 905978ad-5ad8-4d3f-bac5-873bebf649b1)
2025-04-25 16:43:58,733 - basicLogger - DEBUG - SUCCESS DATABASE - add_activity (trace id: 1cb9c810-55d0-4252-8282-daf6ae1a6b1b)
2025-04-25 16:43:58,737 - basicLogger - DEBUG - SUCCESS DATABASE - add_match (trace id: d059b133-113c-454c-8d04-c4f59575a394)
2025-04-25 16:43:58,751 - basicLogger - DEBUG - SUCCESS DATABASE - add_activity (trace id: 1f625fdc-3e3a-430d-aaca-06ff0c9d5604)
2025-04-25 16:43:58,800 - basicLogger - DEBUG - SUCCESS DATABASE - add_activity (trace id: 933b9da9-cccc-4e76-aa06-35e0455984b0)
2025-04-25 16:43:58,886 - basicLogger - DEBUG - SUCCESS DATABASE - add_match (trace id: d8feb71b-7d0c-4a94-ad39-513ba6529e1a)
2025-04-25 16:43:58,893 - basicLogger - DEBUG - SUCCESS DATABASE - add_activity (trace id: 0e1841a5-d223-470c-9df4-800c7341ccff)
2025-04-25 16:43:58,899 - basicLogger - DEBUG - SUCCESS DATABASE - add_match (trace id: 0f0ff8c1-32f5-4fe8-b262-45f8221086a1)
2025-04-25 16:43:58,904 - basicLogger - DEBUG - SUCCESS DATABASE - add_match (trace id: 2181e4c9-08a8-4d8e-b2f3-60ee38edad2d)
2025-04-25 16:43:58,909 - basicLogger - DEBUG - SUCCESS DATABASE - add_activity (trace id: 86e45f82-d9b8-4f27-8dce-0c01d8a1445f)
2025-04-25 16:43:58,914 - basicLogger - DEBUG - SUCCESS DATABASE - add_match (trace id: c3b82e7d-96f6-4fb4-a39d-3482b6f5a0d2)
2025-04-25 16:43:59,000 - basicLogger - DEBUG - SUCCESS DATABASE - add_match (trace id: d20c1751-e2a8-49e1-bde7-1c3cfff440e5)
2025-04-25 16:43:59,007 - basicLogger - DEBUG - SUCCESS DATABASE - add_activity (trace id: 1f3ce8be-4e08-4283-a2fe-4335b5f641b2)
2025-04-25 16:43:59,017 - basicLogger - DEBUG - SUCCESS DATABASE - add_activity (trace id: d590a1d2-3615-493f-8074-3b833befae40)
2025-04-25 16:43:59,022 - basicLogger - DEBUG - SUCCESS DATABASE - add_match (trace id: c6c637b9-43b9-4165-8444-a320bc4e4d8d)
2025-04-25 16:43:59,026 - basicLogger - DEBUG - SUCCESS DATABASE - add_activity (trace id: 51703ae9-ccae-4a8f-a6e3-33eff79babeb)
2025-04-25 16:43:59,083 - basicLogger - DEBUG - SUCCESS DATABASE - add_match (trace id: a59e9a42-b6ae-495c-94a9-5369acce050e)
2025-04-25 16:43:59,113 - basicLogger - DEBUG - SUCCESS DATABASE - add_match (trace id: 38296a0f-2df8-456a-b94e-1db3f8bde46e)
2025-04-25 16:43:59,117 - basicLogger - DEBUG - SUCCESS DATABASE - add_activity (trace id: 27592312-3cfe-467f-b5cd-a4b276892c8e)
2025-04-25 16:43:59,121 - basicLogger - DEBUG - SUCCESS DATABASE - add_match (trace id: 534a6567-a9cb-4c58-8dd2-869db9520bcc)
2025-04-25 16:43:59,170 - basicLogger - DEBUG - SUCCESS DATABASE - add_match (trace id: 80ffd22b-0c61-4c3c-a56a-31fb56b32c91)
2025-04-25 16:43:59,177 - basicLogger - DEBUG - SUCCESS DATABASE - add_activity (trace id: b78a9722-f94f-4cc1-b8bd-516592e2aaeb)
2025-04-25 16:43:59,215 - basicLogger - DEBUG - SUCCESS DATABASE - add_match (trace id: 4b4d1e2e-5bee-4ee3-9745-fae75194b671)
2025-04-26 22:11:22,756 - basicLogger - DEBUG - SUCCESS DATABASE - add_activity (trace id: 1cd6745a-8a47-4894-9bb4-fd4b877e0b70)
