2025-04-25 16:32:49,026 - basicLogger - INFO - RECEIVED - add_activity (trace id: ff91acc1-da6a-4108-a2c7-cdc370339de0)
2025-04-25 16:32:49,107 - basicLogger - INFO - RESPONSE - add_activity (trace id: ff91acc1-da6a-4108-a2c7-cdc370339de0) has status 500
2025-04-25 16:36:03,069 - basicLogger - INFO - RECEIVED - add_activity (trace id: 7eaf6a5b-0cd6-4cec-a935-c473e02ac2e9)
2025-04-25 16:36:03,125 - basicLogger - INFO - RESPONSE - add_activity (trace id: 7eaf6a5b-0cd6-4cec-a935-c473e02ac2e9) has status 500
2025-04-25 16:36:14,048 - basicLogger - INFO - RECEIVED - add_match (trace id: 7ccd984f-1fa0-4f16-b24f-1884ac4dfbcf)
2025-04-25 16:36:14,075 - basicLogger - INFO - RESPONSE - add_match (trace id: 7ccd984f-1fa0-4f16-b24f-1884ac4dfbcf) has status 500
2025-04-25 16:39:52,363 - basicLogger - INFO - RECEIVED - add_activity (trace id: be3d729a-7cbc-4dfb-8b80-66681f51fe7b)
2025-04-25 16:39:52,430 - basicLogger - INFO - RESPONSE - add_activity (trace id: be3d729a-7cbc-4dfb-8b80-66681f51fe7b) has status 201
2025-04-25 16:41:33,243 - basicLogger - INFO - RECEIVED - add_match (trace id: b01d10d0-efe0-4779-a123-75997254e9d4)
2025-04-25 16:41:33,290 - basicLogger - INFO - RESPONSE - add_match (trace id: b01d10d0-efe0-4779-a123-75997254e9d4) has status 201
2025-04-25 16:43:57,133 - basicLogger - INFO - RECEIVED - add_activity (trace id: 7dafba86-aef5-42c9-bdb3-cbcf3e78aa84)
2025-04-25 16:43:57,137 - basicLogger - INFO - RECEIVED - add_activity (trace id: df6d5965-039e-4e78-b1d5-db030fb02bab)
2025-04-25 16:43:57,197 - basicLogger - INFO - RESPONSE - add_activity (trace id: df6d5965-039e-4e78-b1d5-db030fb02bab) has status 201
2025-04-25 16:43:57,200 - basicLogger - INFO - RESPONSE - add_activity (trace id: 7dafba86-aef5-42c9-bdb3-cbcf3e78aa84) has status 201
2025-04-25 16:43:57,207 - basicLogger - INFO - RECEIVED - add_match (trace id: 30beb25c-2578-4b4b-b4ec-34226208d630)
2025-04-25 16:43:57,207 - basicLogger - INFO - RECEIVED - add_match (trace id: 3e3f0446-3697-4435-8d0c-b022540fb587)
2025-04-25 16:43:57,237 - basicLogger - INFO - RECEIVED - add_activity (trace id: 34745b45-dd83-4569-88e0-542e2895d56a)
2025-04-25 16:43:57,258 - basicLogger - INFO - RESPONSE - add_match (trace id: 30beb25c-2578-4b4b-b4ec-34226208d630) has status 201
2025-04-25 16:43:57,262 - basicLogger - INFO - RECEIVED - add_activity (trace id: 0834405f-8b74-490d-9471-c0e01beecb87)
2025-04-25 16:43:57,263 - basicLogger - INFO - RESPONSE - add_match (trace id: 3e3f0446-3697-4435-8d0c-b022540fb587) has status 201
2025-04-25 16:43:57,266 - basicLogger - INFO - RECEIVED - add_activity (trace id: b721ae91-48fd-4663-b2c7-da8666806401)
2025-04-25 16:43:57,277 - basicLogger - INFO - RESPONSE - add_activity (trace id: 34745b45-dd83-4569-88e0-542e2895d56a) has status 201
2025-04-25 16:43:57,281 - basicLogger - INFO - RECEIVED - add_match (trace id: dc340ee1-ea28-4a32-968e-78c9c0d93628)
2025-04-25 16:43:57,318 - basicLogger - INFO - RESPONSE - add_activity (trace id: 0834405f-8b74-490d-9471-c0e01beecb87) has status 201
2025-04-25 16:43:57,322 - basicLogger - INFO - RECEIVED - add_match (trace id: 749dad5d-7eca-4492-96dd-f1b4fb3f7aa4)
2025-04-25 16:43:57,329 - basicLogger - INFO - RESPONSE - add_activity (trace id: b721ae91-48fd-4663-b2c7-da8666806401) has status 201
2025-04-25 16:43:57,341 - basicLogger - INFO - RECEIVED - add_activity (trace id: 955be275-4a4a-4af2-a933-614b0e47e1a0)
2025-04-25 16:43:57,341 - basicLogger - INFO - RECEIVED - add_match (trace id: 241c328e-e697-4af9-85f6-7b4d713db119)
2025-04-25 16:43:57,342 - basicLogger - INFO - RESPONSE - add_match (trace id: dc340ee1-ea28-4a32-968e-78c9c0d93628) has status 201
2025-04-25 16:43:57,345 - basicLogger - INFO - RECEIVED - add_activity (trace id: 6234b1f2-b3dc-4e86-9b25-bde2b4283e0f)
2025-04-25 16:43:57,363 - basicLogger - INFO - RESPONSE - add_match (trace id: 749dad5d-7eca-4492-96dd-f1b4fb3f7aa4) has status 201
2025-04-25 16:43:57,366 - basicLogger - INFO - RECEIVED - add_activity (trace id: 4af7cef5-776d-42e4-8b64-9c6b5a99a930)
2025-04-25 16:43:57,439 - basicLogger - INFO - RECEIVED - add_activity (trace id: e4d0e914-d06a-4a40-9eaf-0608f5f1bd45)
2025-04-25 16:43:57,442 - basicLogger - INFO - RESPONSE - add_activity (trace id: 955be275-4a4a-4af2-a933-614b0e47e1a0) has status 201
2025-04-25 16:43:57,447 - basicLogger - INFO - RECEIVED - add_match (trace id: 0416fa32-67c0-42cb-a04c-7f0656555295)
2025-04-25 16:43:57,448 - basicLogger - INFO - RESPONSE - add_match (trace id: 241c328e-e697-4af9-85f6-7b4d713db119) has status 201
2025-04-25 16:43:57,453 - basicLogger - INFO - RECEIVED - add_activity (trace id: a2fad440-18e0-49a0-aaa8-1ae7deefb4cb)
2025-04-25 16:43:57,453 - basicLogger - INFO - RESPONSE - add_activity (trace id: 4af7cef5-776d-42e4-8b64-9c6b5a99a930) has status 201
2025-04-25 16:43:57,455 - basicLogger - INFO - RESPONSE - add_activity (trace id: 6234b1f2-b3dc-4e86-9b25-bde2b4283e0f) has status 201
2025-04-25 16:43:57,457 - basicLogger - INFO - RECEIVED - add_match (trace id: 00b64845-bd6f-46a5-8107-8cdc83006499)
2025-04-25 16:43:57,460 - basicLogger - INFO - RECEIVED - add_match (trace id: 572094fb-380c-42ec-864a-ee14153e9254)
2025-04-25 16:43:57,509 - basicLogger - INFO - RESPONSE - add_activity (trace id: e4d0e914-d06a-4a40-9eaf-0608f5f1bd45) has status 201
2025-04-25 16:43:57,514 - basicLogger - INFO - RECEIVED - add_match (trace id: c7231edf-5fdd-493b-b935-eb7e7c70f3d4)
2025-04-25 16:43:57,532 - basicLogger - INFO - RECEIVED - add_activity (trace id: bd1f6007-3046-4758-ae81-fe5832de90f4)
2025-04-25 16:43:57,562 - basicLogger - INFO - RESPONSE - add_match (trace id: 0416fa32-67c0-42cb-a04c-7f0656555295) has status 201
2025-04-25 16:43:57,568 - basicLogger - INFO - RECEIVED - add_activity (trace id: 302fcca8-4379-4e57-afb6-602ae913b855)
2025-04-25 16:43:57,572 - basicLogger - INFO - RESPONSE - add_match (trace id: 572094fb-380c-42ec-864a-ee14153e9254) has status 201
2025-04-25 16:43:57,576 - basicLogger - INFO - RECEIVED - add_activity (trace id: 4a0abf28-83db-492a-b875-aa5fb68c55eb)
2025-04-25 16:43:57,578 - basicLogger - INFO - RESPONSE - add_match (trace id: 00b64845-bd6f-46a5-8107-8cdc83006499) has status 201
2025-04-25 16:43:57,582 - basicLogger - INFO - RECEIVED - add_activity (trace id: 2879cfad-5e8d-4161-a0d2-6fb1c50f9e84)
2025-04-25 16:43:57,588 - basicLogger - INFO - RESPONSE - add_activity (trace id: a2fad440-18e0-49a0-aaa8-1ae7deefb4cb) has status 201
2025-04-25 16:43:57,593 - basicLogger - INFO - RECEIVED - add_match (trace id: 9f18bc98-c6d1-4c68-b069-b51ed8c77947)
2025-04-25 16:43:57,630 - basicLogger - INFO - RESPONSE - add_match (trace id: c7231edf-5fdd-493b-b935-eb7e7c70f3d4) has status 201
2025-04-25 16:43:57,632 - basicLogger - INFO - RECEIVED - add_activity (trace id: f5a1ba6f-2263-43b1-8059-452290b81122)
2025-04-25 16:43:57,636 - basicLogger - INFO - RECEIVED - add_activity (trace id: 8cc33d64-dabe-419c-bc41-67b78f279262)
2025-04-25 16:43:57,659 - basicLogger - INFO - RESPONSE - add_activity (trace id: bd1f6007-3046-4758-ae81-fe5832de90f4) has status 201
2025-04-25 16:43:57,664 - basicLogger - INFO - RECEIVED - add_match (trace id: a095aa24-c31d-4e99-98e3-aeb5185ef8ed)
2025-04-25 16:43:57,689 - basicLogger - INFO - RESPONSE - add_activity (trace id: 302fcca8-4379-4e57-afb6-602ae913b855) has status 201
2025-04-25 16:43:57,693 - basicLogger - INFO - RECEIVED - add_match (trace id: e8641dea-7f64-492f-a6d9-9554898148bd)
2025-04-25 16:43:57,702 - basicLogger - INFO - RESPONSE - add_activity (trace id: 4a0abf28-83db-492a-b875-aa5fb68c55eb) has status 201
2025-04-25 16:43:57,705 - basicLogger - INFO - RECEIVED - add_match (trace id: 4cf2d3f2-4146-4432-9181-8a77de53b6d8)
2025-04-25 16:43:57,715 - basicLogger - INFO - RESPONSE - add_activity (trace id: 2879cfad-5e8d-4161-a0d2-6fb1c50f9e84) has status 201
2025-04-25 16:43:57,719 - basicLogger - INFO - RECEIVED - add_match (trace id: adb785fe-83d2-479f-bd08-0187df49476c)
2025-04-25 16:43:57,729 - basicLogger - INFO - RESPONSE - add_match (trace id: 9f18bc98-c6d1-4c68-b069-b51ed8c77947) has status 201
2025-04-25 16:43:57,732 - basicLogger - INFO - RECEIVED - add_activity (trace id: bb04f721-24e0-4a63-b232-ff30f06343a7)
2025-04-25 16:43:57,735 - basicLogger - INFO - RECEIVED - add_activity (trace id: c8ae608b-085e-4a4c-a72d-545d1c0c7477)
2025-04-25 16:43:57,779 - basicLogger - INFO - RESPONSE - add_activity (trace id: f5a1ba6f-2263-43b1-8059-452290b81122) has status 201
2025-04-25 16:43:57,784 - basicLogger - INFO - RECEIVED - add_match (trace id: fdc86d7a-64a0-445e-8403-585f5d48ad87)
2025-04-25 16:43:57,786 - basicLogger - INFO - RESPONSE - add_activity (trace id: 8cc33d64-dabe-419c-bc41-67b78f279262) has status 201
2025-04-25 16:43:57,790 - basicLogger - INFO - RECEIVED - add_match (trace id: 1213e255-7381-4d87-9e97-1cf60396de25)
2025-04-25 16:43:57,833 - basicLogger - INFO - RECEIVED - add_activity (trace id: a19f9667-3932-4173-aa88-3d2bfc0d965d)
2025-04-25 16:43:57,850 - basicLogger - INFO - RESPONSE - add_match (trace id: e8641dea-7f64-492f-a6d9-9554898148bd) has status 201
2025-04-25 16:43:57,853 - basicLogger - INFO - RESPONSE - add_match (trace id: a095aa24-c31d-4e99-98e3-aeb5185ef8ed) has status 201
2025-04-25 16:43:57,855 - basicLogger - INFO - RECEIVED - add_activity (trace id: 1a762c37-5b53-4075-b84a-79bdbdeaf300)
2025-04-25 16:43:57,859 - basicLogger - INFO - RECEIVED - add_activity (trace id: 538bbf2c-d2f0-4598-a15c-75c70e64feb8)
2025-04-25 16:43:57,877 - basicLogger - INFO - RESPONSE - add_match (trace id: 4cf2d3f2-4146-4432-9181-8a77de53b6d8) has status 201
2025-04-25 16:43:57,887 - basicLogger - INFO - RECEIVED - add_activity (trace id: 593aa8a2-ced1-4227-8f23-309af0dafedd)
2025-04-25 16:43:57,896 - basicLogger - INFO - RESPONSE - add_activity (trace id: bb04f721-24e0-4a63-b232-ff30f06343a7) has status 201
2025-04-25 16:43:57,900 - basicLogger - INFO - RECEIVED - add_match (trace id: 6403cc41-90e3-4814-bf93-ececff966dfc)
2025-04-25 16:43:57,932 - basicLogger - INFO - RECEIVED - add_activity (trace id: 82b98056-e33d-4ccb-8eed-ffa1f990c99d)
2025-04-25 16:43:57,934 - basicLogger - INFO - RESPONSE - add_activity (trace id: c8ae608b-085e-4a4c-a72d-545d1c0c7477) has status 201
2025-04-25 16:43:57,940 - basicLogger - INFO - RECEIVED - add_match (trace id: 57055740-056d-49f5-a47b-de3094bb4159)
2025-04-25 16:43:57,946 - basicLogger - INFO - RESPONSE - add_match (trace id: adb785fe-83d2-479f-bd08-0187df49476c) has status 201
2025-04-25 16:43:57,950 - basicLogger - INFO - RECEIVED - add_activity (trace id: 3ba4b2a5-8545-4fb3-80aa-37de22c347a7)
2025-04-25 16:43:57,964 - basicLogger - INFO - RESPONSE - add_match (trace id: 1213e255-7381-4d87-9e97-1cf60396de25) has status 201
2025-04-25 16:43:57,967 - basicLogger - INFO - RECEIVED - add_activity (trace id: eb4ab4bd-d1cf-4610-80c0-d80077a26794)
2025-04-25 16:43:58,010 - basicLogger - INFO - RESPONSE - add_activity (trace id: a19f9667-3932-4173-aa88-3d2bfc0d965d) has status 201
2025-04-25 16:43:58,014 - basicLogger - INFO - RECEIVED - add_match (trace id: 8486c79f-f367-43bf-b09c-a390e2c617f5)
2025-04-25 16:43:58,035 - basicLogger - INFO - RESPONSE - add_activity (trace id: 1a762c37-5b53-4075-b84a-79bdbdeaf300) has status 201
2025-04-25 16:43:58,040 - basicLogger - INFO - RECEIVED - add_match (trace id: 21c12d99-a321-4541-b65e-bba943bb45d3)
2025-04-25 16:43:58,041 - basicLogger - INFO - RESPONSE - add_match (trace id: fdc86d7a-64a0-445e-8403-585f5d48ad87) has status 201
2025-04-25 16:43:58,044 - basicLogger - INFO - RESPONSE - add_activity (trace id: 538bbf2c-d2f0-4598-a15c-75c70e64feb8) has status 201
2025-04-25 16:43:58,045 - basicLogger - INFO - RECEIVED - add_activity (trace id: 3c325ef7-699e-4499-bb85-63ce4eb9c3b8)
2025-04-25 16:43:58,048 - basicLogger - INFO - RECEIVED - add_match (trace id: bd22ba64-58a8-44ba-b070-197ff523935d)
2025-04-25 16:43:58,105 - basicLogger - INFO - RESPONSE - add_activity (trace id: 593aa8a2-ced1-4227-8f23-309af0dafedd) has status 201
2025-04-25 16:43:58,108 - basicLogger - INFO - RESPONSE - add_match (trace id: 6403cc41-90e3-4814-bf93-ececff966dfc) has status 201
2025-04-25 16:43:58,109 - basicLogger - INFO - RECEIVED - add_match (trace id: 365155e6-e1ad-428a-bfce-1742e6c50f70)
2025-04-25 16:43:58,113 - basicLogger - INFO - RECEIVED - add_activity (trace id: 6357a627-3430-4f09-861f-24f54ff07828)
2025-04-25 16:43:58,130 - basicLogger - INFO - RESPONSE - add_match (trace id: 57055740-056d-49f5-a47b-de3094bb4159) has status 201
2025-04-25 16:43:58,130 - basicLogger - INFO - RESPONSE - add_activity (trace id: 82b98056-e33d-4ccb-8eed-ffa1f990c99d) has status 201
2025-04-25 16:43:58,136 - basicLogger - INFO - RECEIVED - add_match (trace id: ddef0c57-7092-4aa3-85dc-12262ce022d3)
2025-04-25 16:43:58,136 - basicLogger - INFO - RECEIVED - add_activity (trace id: e6c32c66-aa78-4174-b6b5-d458bfa027ae)
2025-04-25 16:43:58,138 - basicLogger - INFO - RESPONSE - add_activity (trace id: 3ba4b2a5-8545-4fb3-80aa-37de22c347a7) has status 201
2025-04-25 16:43:58,140 - basicLogger - INFO - RECEIVED - add_match (trace id: 8f52541d-342b-43f3-aea9-82c01d392d05)
2025-04-25 16:43:58,192 - basicLogger - INFO - RESPONSE - add_match (trace id: 8486c79f-f367-43bf-b09c-a390e2c617f5) has status 201
2025-04-25 16:43:58,197 - basicLogger - INFO - RECEIVED - add_activity (trace id: 6c3bd835-fb3d-451e-8a27-63cf1e720f88)
2025-04-25 16:43:58,203 - basicLogger - INFO - RESPONSE - add_activity (trace id: eb4ab4bd-d1cf-4610-80c0-d80077a26794) has status 201
2025-04-25 16:43:58,207 - basicLogger - INFO - RECEIVED - add_match (trace id: 0fc09d71-a1b1-435c-91b0-0a5c9a4ffd72)
2025-04-25 16:43:58,224 - basicLogger - INFO - RESPONSE - add_match (trace id: 21c12d99-a321-4541-b65e-bba943bb45d3) has status 201
2025-04-25 16:43:58,228 - basicLogger - INFO - RECEIVED - add_activity (trace id: d8f860bb-6f4f-458e-8a7d-37251c7f2cfe)
2025-04-25 16:43:58,243 - basicLogger - INFO - RESPONSE - add_match (trace id: bd22ba64-58a8-44ba-b070-197ff523935d) has status 201
2025-04-25 16:43:58,246 - basicLogger - INFO - RECEIVED - add_activity (trace id: 7126b645-a97e-4725-b9b7-9ee9a41dfbc5)
2025-04-25 16:43:58,304 - basicLogger - INFO - RESPONSE - add_activity (trace id: 6357a627-3430-4f09-861f-24f54ff07828) has status 201
2025-04-25 16:43:58,309 - basicLogger - INFO - RECEIVED - add_match (trace id: 987a0401-3049-45ea-afa9-2c24a90e2e8e)
2025-04-25 16:43:58,310 - basicLogger - INFO - RESPONSE - add_activity (trace id: 3c325ef7-699e-4499-bb85-63ce4eb9c3b8) has status 201
2025-04-25 16:43:58,312 - basicLogger - INFO - RESPONSE - add_match (trace id: 365155e6-e1ad-428a-bfce-1742e6c50f70) has status 201
2025-04-25 16:43:58,314 - basicLogger - INFO - RECEIVED - add_match (trace id: b2ce1cb7-9353-462e-ba79-b024e0275ab6)
2025-04-25 16:43:58,317 - basicLogger - INFO - RESPONSE - add_activity (trace id: e6c32c66-aa78-4174-b6b5-d458bfa027ae) has status 201
2025-04-25 16:43:58,318 - basicLogger - INFO - RECEIVED - add_activity (trace id: 4703463a-3003-477e-9d3f-8aebb90eb786)
2025-04-25 16:43:58,321 - basicLogger - INFO - RECEIVED - add_match (trace id: edfbe163-e962-40b8-84be-a5e3b456774e)
2025-04-25 16:43:58,341 - basicLogger - INFO - RESPONSE - add_match (trace id: ddef0c57-7092-4aa3-85dc-12262ce022d3) has status 201
2025-04-25 16:43:58,347 - basicLogger - INFO - RECEIVED - add_activity (trace id: ec5c869a-4169-4abc-9325-4724b746100e)
2025-04-25 16:43:58,347 - basicLogger - INFO - RESPONSE - add_match (trace id: 8f52541d-342b-43f3-aea9-82c01d392d05) has status 201
2025-04-25 16:43:58,350 - basicLogger - INFO - RECEIVED - add_activity (trace id: 66498286-348a-4485-84b3-b8150b7148f7)
2025-04-25 16:43:58,374 - basicLogger - INFO - RESPONSE - add_activity (trace id: d8f860bb-6f4f-458e-8a7d-37251c7f2cfe) has status 201
2025-04-25 16:43:58,378 - basicLogger - INFO - RECEIVED - add_match (trace id: 4518cfc3-40bb-4831-baed-21d8c821e9bf)
2025-04-25 16:43:58,447 - basicLogger - INFO - RESPONSE - add_activity (trace id: 7126b645-a97e-4725-b9b7-9ee9a41dfbc5) has status 201
2025-04-25 16:43:58,451 - basicLogger - INFO - RECEIVED - add_match (trace id: a3396810-b417-405f-ad75-74e551dfb822)
2025-04-25 16:43:58,458 - basicLogger - INFO - RESPONSE - add_match (trace id: 0fc09d71-a1b1-435c-91b0-0a5c9a4ffd72) has status 201
2025-04-25 16:43:58,464 - basicLogger - INFO - RECEIVED - add_activity (trace id: 55fe9d0d-b276-48fc-96c3-928672ac74b2)
2025-04-25 16:43:58,472 - basicLogger - INFO - RESPONSE - add_activity (trace id: 6c3bd835-fb3d-451e-8a27-63cf1e720f88) has status 201
2025-04-25 16:43:58,476 - basicLogger - INFO - RECEIVED - add_match (trace id: c70e22f4-1adc-43a9-88c5-ff4ac46d86b6)
2025-04-25 16:43:58,503 - basicLogger - INFO - RESPONSE - add_match (trace id: edfbe163-e962-40b8-84be-a5e3b456774e) has status 201
2025-04-25 16:43:58,507 - basicLogger - INFO - RECEIVED - add_activity (trace id: ca23e446-8c5c-4ccc-bba7-c103a22e9031)
2025-04-25 16:43:58,519 - basicLogger - INFO - RESPONSE - add_match (trace id: b2ce1cb7-9353-462e-ba79-b024e0275ab6) has status 201
2025-04-25 16:43:58,523 - basicLogger - INFO - RECEIVED - add_activity (trace id: 69ba90f6-e26a-4199-90b4-c392d6fed1e9)
2025-04-25 16:43:58,533 - basicLogger - INFO - RESPONSE - add_match (trace id: 987a0401-3049-45ea-afa9-2c24a90e2e8e) has status 201
2025-04-25 16:43:58,537 - basicLogger - INFO - RECEIVED - add_activity (trace id: 1213f0e5-eb48-40d1-af26-ecc2688125e9)
2025-04-25 16:43:58,538 - basicLogger - INFO - RESPONSE - add_activity (trace id: 66498286-348a-4485-84b3-b8150b7148f7) has status 201
2025-04-25 16:43:58,542 - basicLogger - INFO - RECEIVED - add_match (trace id: 45b5cf0a-5891-4ad2-bf99-9c312b56fb22)
2025-04-25 16:43:58,543 - basicLogger - INFO - RESPONSE - add_activity (trace id: ec5c869a-4169-4abc-9325-4724b746100e) has status 201
2025-04-25 16:43:58,545 - basicLogger - INFO - RESPONSE - add_activity (trace id: 4703463a-3003-477e-9d3f-8aebb90eb786) has status 201
2025-04-25 16:43:58,547 - basicLogger - INFO - RECEIVED - add_match (trace id: be1b4f73-c72d-40de-8965-ce2a17ded55d)
2025-04-25 16:43:58,549 - basicLogger - INFO - RECEIVED - add_match (trace id: ed1dd89d-8d99-46a1-b5cd-eda5b1e4024f)
2025-04-25 16:43:58,572 - basicLogger - INFO - RESPONSE - add_match (trace id: 4518cfc3-40bb-4831-baed-21d8c821e9bf) has status 201
2025-04-25 16:43:58,575 - basicLogger - INFO - RECEIVED - add_activity (trace id: 6f9a0af5-7674-4e1e-b6fb-06f7d1be9e69)
2025-04-25 16:43:58,680 - basicLogger - INFO - RESPONSE - add_match (trace id: a3396810-b417-405f-ad75-74e551dfb822) has status 201
2025-04-25 16:43:58,685 - basicLogger - INFO - RECEIVED - add_activity (trace id: 73c1f509-7745-49e6-8cec-cb24651eecd0)
2025-04-25 16:43:58,694 - basicLogger - INFO - RESPONSE - add_activity (trace id: ca23e446-8c5c-4ccc-bba7-c103a22e9031) has status 201
2025-04-25 16:43:58,698 - basicLogger - INFO - RECEIVED - add_match (trace id: f4ce6c53-2386-4a83-93db-6848f7dab219)
2025-04-25 16:43:58,704 - basicLogger - INFO - RESPONSE - add_match (trace id: c70e22f4-1adc-43a9-88c5-ff4ac46d86b6) has status 201
2025-04-25 16:43:58,709 - basicLogger - INFO - RECEIVED - add_activity (trace id: d0af7f21-cd7b-4a3d-914d-7c3c4c2918d2)
2025-04-25 16:43:58,710 - basicLogger - INFO - RESPONSE - add_activity (trace id: 55fe9d0d-b276-48fc-96c3-928672ac74b2) has status 201
2025-04-25 16:43:58,713 - basicLogger - INFO - RECEIVED - add_match (trace id: 01f77757-a9ba-4e80-bbea-1368d82b5773)
2025-04-25 16:43:58,717 - basicLogger - INFO - RESPONSE - add_activity (trace id: 69ba90f6-e26a-4199-90b4-c392d6fed1e9) has status 201
2025-04-25 16:43:58,720 - basicLogger - INFO - RECEIVED - add_match (trace id: dd4d4964-df9c-499f-ba56-653d63a6971f)
2025-04-25 16:43:58,732 - basicLogger - INFO - RESPONSE - add_match (trace id: ed1dd89d-8d99-46a1-b5cd-eda5b1e4024f) has status 201
2025-04-25 16:43:58,736 - basicLogger - INFO - RECEIVED - add_activity (trace id: 78576342-ad14-4c4e-ae09-25cf0146eb60)
2025-04-25 16:43:58,747 - basicLogger - INFO - RESPONSE - add_activity (trace id: 1213f0e5-eb48-40d1-af26-ecc2688125e9) has status 201
2025-04-25 16:43:58,753 - basicLogger - INFO - RECEIVED - add_match (trace id: 1410eef7-4693-4939-9ef7-71bb4c4e8784)
2025-04-25 16:43:58,764 - basicLogger - INFO - RESPONSE - add_match (trace id: be1b4f73-c72d-40de-8965-ce2a17ded55d) has status 201
2025-04-25 16:43:58,768 - basicLogger - INFO - RESPONSE - add_activity (trace id: 6f9a0af5-7674-4e1e-b6fb-06f7d1be9e69) has status 201
2025-04-25 16:43:58,770 - basicLogger - INFO - RECEIVED - add_activity (trace id: bfacdbef-6c0b-430a-bf2d-e36a29aadc65)
2025-04-25 16:43:58,773 - basicLogger - INFO - RECEIVED - add_match (trace id: 921787da-32ac-428e-a57b-176286dc91a0)
2025-04-25 16:43:58,792 - basicLogger - INFO - RESPONSE - add_match (trace id: 45b5cf0a-5891-4ad2-bf99-9c312b56fb22) has status 201
2025-04-25 16:43:58,796 - basicLogger - INFO - RECEIVED - add_activity (trace id: ef4207e4-bfa7-43cf-b93b-15bcb1c44f12)
2025-04-25 16:43:59,748 - basicLogger - INFO - RESPONSE - add_match (trace id: f4ce6c53-2386-4a83-93db-6848f7dab219) has status 201
2025-04-25 16:43:59,765 - basicLogger - INFO - RESPONSE - add_activity (trace id: 73c1f509-7745-49e6-8cec-cb24651eecd0) has status 201
2025-04-25 16:43:59,768 - basicLogger - INFO - RECEIVED - add_activity (trace id: c3f1524f-330d-4fa0-8df4-3e1ebc8d798c)
2025-04-25 16:43:59,773 - basicLogger - INFO - RECEIVED - add_match (trace id: 8ac9ef45-1900-4760-a0dc-572b90a432a5)
2025-04-25 16:43:59,774 - basicLogger - INFO - RESPONSE - add_activity (trace id: d0af7f21-cd7b-4a3d-914d-7c3c4c2918d2) has status 201
2025-04-25 16:43:59,779 - basicLogger - INFO - RECEIVED - add_match (trace id: 06da73cf-390a-4673-a5e0-93296971c5e2)
2025-04-25 16:43:59,792 - basicLogger - INFO - RESPONSE - add_activity (trace id: 78576342-ad14-4c4e-ae09-25cf0146eb60) has status 201
2025-04-25 16:43:59,799 - basicLogger - INFO - RECEIVED - add_match (trace id: 2917c470-d2b4-4419-8352-42d094181b72)
2025-04-25 16:43:59,799 - basicLogger - INFO - RESPONSE - add_match (trace id: 01f77757-a9ba-4e80-bbea-1368d82b5773) has status 201
2025-04-25 16:43:59,802 - basicLogger - INFO - RESPONSE - add_match (trace id: 1410eef7-4693-4939-9ef7-71bb4c4e8784) has status 201
2025-04-25 16:43:59,805 - basicLogger - INFO - RECEIVED - add_activity (trace id: 3b1d634c-c18c-449a-8343-d253f36d0cee)
2025-04-25 16:43:59,808 - basicLogger - INFO - RECEIVED - add_activity (trace id: bb6f93d1-4529-4ef2-a260-d3c408a635e7)
2025-04-25 16:43:59,808 - basicLogger - INFO - RESPONSE - add_match (trace id: dd4d4964-df9c-499f-ba56-653d63a6971f) has status 201
2025-04-25 16:43:59,811 - basicLogger - INFO - RECEIVED - add_activity (trace id: c39125be-2bf4-4734-bdc8-542fb4e3b41c)
2025-04-25 16:43:59,832 - basicLogger - INFO - RESPONSE - add_match (trace id: 921787da-32ac-428e-a57b-176286dc91a0) has status 201
2025-04-25 16:43:59,835 - basicLogger - INFO - RESPONSE - add_activity (trace id: bfacdbef-6c0b-430a-bf2d-e36a29aadc65) has status 201
2025-04-25 16:43:59,837 - basicLogger - INFO - RECEIVED - add_activity (trace id: c1da4624-69e3-4502-a3a1-114ddd6e0481)
2025-04-25 16:43:59,840 - basicLogger - INFO - RECEIVED - add_match (trace id: 0c4c5fd9-f6d8-4250-9690-90df312c1dac)
2025-04-25 16:43:56,708 - basicLogger - INFO - RESPONSE - add_activity (trace id: ef4207e4-bfa7-43cf-b93b-15bcb1c44f12) has status 201
2025-04-25 16:43:56,724 - basicLogger - INFO - RECEIVED - add_match (trace id: 7fe905ca-f97d-452e-b7af-2717906560f9)
2025-04-25 16:43:56,806 - basicLogger - INFO - RESPONSE - add_match (trace id: 8ac9ef45-1900-4760-a0dc-572b90a432a5) has status 201
2025-04-25 16:43:56,812 - basicLogger - INFO - RECEIVED - add_activity (trace id: e4563630-484f-456c-9176-9d9311a72985)
2025-04-25 16:43:56,819 - basicLogger - INFO - RESPONSE - add_activity (trace id: c3f1524f-330d-4fa0-8df4-3e1ebc8d798c) has status 201
2025-04-25 16:43:56,824 - basicLogger - INFO - RECEIVED - add_match (trace id: e2e99ee2-a152-4a9c-83fb-1665b9e621dd)
2025-04-25 16:43:56,828 - basicLogger - INFO - RESPONSE - add_match (trace id: 06da73cf-390a-4673-a5e0-93296971c5e2) has status 201
2025-04-25 16:43:56,834 - basicLogger - INFO - RECEIVED - add_activity (trace id: 440a0e6c-ee8e-457d-8d60-7c95b9f8e4b0)
2025-04-25 16:43:56,841 - basicLogger - INFO - RESPONSE - add_activity (trace id: 3b1d634c-c18c-449a-8343-d253f36d0cee) has status 201
2025-04-25 16:43:56,847 - basicLogger - INFO - RECEIVED - add_match (trace id: 7a3e1dc0-da5b-4d05-8d08-f0bf9076bf50)
2025-04-25 16:43:56,848 - basicLogger - INFO - RESPONSE - add_match (trace id: 2917c470-d2b4-4419-8352-42d094181b72) has status 201
2025-04-25 16:43:56,853 - basicLogger - INFO - RECEIVED - add_activity (trace id: 7f48b899-66f4-499d-adf9-4a308143eb13)
2025-04-25 16:43:56,853 - basicLogger - INFO - RESPONSE - add_activity (trace id: c39125be-2bf4-4734-bdc8-542fb4e3b41c) has status 201
2025-04-25 16:43:56,857 - basicLogger - INFO - RESPONSE - add_activity (trace id: bb6f93d1-4529-4ef2-a260-d3c408a635e7) has status 201
2025-04-25 16:43:56,858 - basicLogger - INFO - RECEIVED - add_match (trace id: faa74bdf-4581-4e45-9bcc-95c2c65173cb)
2025-04-25 16:43:56,864 - basicLogger - INFO - RECEIVED - add_match (trace id: 5a47873f-c274-473a-8b4c-4492b37bc2ab)
2025-04-25 16:43:56,872 - basicLogger - INFO - RESPONSE - add_match (trace id: 0c4c5fd9-f6d8-4250-9690-90df312c1dac) has status 201
2025-04-25 16:43:56,890 - basicLogger - INFO - RECEIVED - add_activity (trace id: 183892b1-4d79-42b0-ae19-1aeea5bb6f75)
2025-04-25 16:43:56,891 - basicLogger - INFO - RESPONSE - add_activity (trace id: c1da4624-69e3-4502-a3a1-114ddd6e0481) has status 201
2025-04-25 16:43:56,896 - basicLogger - INFO - RECEIVED - add_match (trace id: f4c73ff2-ddd4-43aa-b28f-130e84c20473)
2025-04-25 16:43:56,907 - basicLogger - INFO - RESPONSE - add_match (trace id: 7fe905ca-f97d-452e-b7af-2717906560f9) has status 201
2025-04-25 16:43:56,912 - basicLogger - INFO - RECEIVED - add_activity (trace id: 838cef93-6283-4b29-968f-283921947914)
2025-04-25 16:43:57,007 - basicLogger - INFO - RESPONSE - add_activity (trace id: e4563630-484f-456c-9176-9d9311a72985) has status 201
2025-04-25 16:43:57,011 - basicLogger - INFO - RECEIVED - add_match (trace id: 35c861e9-cfb9-491c-aa04-1337041d3e88)
2025-04-25 16:43:57,041 - basicLogger - INFO - RESPONSE - add_match (trace id: faa74bdf-4581-4e45-9bcc-95c2c65173cb) has status 201
2025-04-25 16:43:57,047 - basicLogger - INFO - RECEIVED - add_activity (trace id: 5e119781-cca1-469d-be4c-fe16ba46ba85)
2025-04-25 16:43:57,050 - basicLogger - INFO - RESPONSE - add_activity (trace id: 440a0e6c-ee8e-457d-8d60-7c95b9f8e4b0) has status 201
2025-04-25 16:43:57,053 - basicLogger - INFO - RESPONSE - add_match (trace id: e2e99ee2-a152-4a9c-83fb-1665b9e621dd) has status 201
2025-04-25 16:43:57,058 - basicLogger - INFO - RECEIVED - add_match (trace id: f7d421b7-9298-4225-94f4-9e9cd2110f90)
2025-04-25 16:43:57,060 - basicLogger - INFO - RESPONSE - add_activity (trace id: 7f48b899-66f4-499d-adf9-4a308143eb13) has status 201
2025-04-25 16:43:57,060 - basicLogger - INFO - RECEIVED - add_activity (trace id: 57796159-e406-47d0-b3b4-3ca9bfd8a93a)
2025-04-25 16:43:57,064 - basicLogger - INFO - RESPONSE - add_activity (trace id: 183892b1-4d79-42b0-ae19-1aeea5bb6f75) has status 201
2025-04-25 16:43:57,066 - basicLogger - INFO - RECEIVED - add_match (trace id: 36441b5b-fcff-4ba0-9c86-57888a06584c)
2025-04-25 16:43:57,070 - basicLogger - INFO - RECEIVED - add_match (trace id: 4b5ca859-dfd1-4784-b18b-878a2b05fd8f)
2025-04-25 16:43:57,083 - basicLogger - INFO - RESPONSE - add_match (trace id: 5a47873f-c274-473a-8b4c-4492b37bc2ab) has status 201
2025-04-25 16:43:57,084 - basicLogger - INFO - RESPONSE - add_match (trace id: 7a3e1dc0-da5b-4d05-8d08-f0bf9076bf50) has status 201
2025-04-25 16:43:57,094 - basicLogger - INFO - RECEIVED - add_activity (trace id: 66d2306a-5ae9-4411-aa9a-fd8275a5bd29)
2025-04-25 16:43:57,095 - basicLogger - INFO - RECEIVED - add_activity (trace id: 6192048d-805c-47d3-b88a-7c09aba86e08)
2025-04-25 16:43:57,100 - basicLogger - INFO - RESPONSE - add_match (trace id: f4c73ff2-ddd4-43aa-b28f-130e84c20473) has status 201
2025-04-25 16:43:57,104 - basicLogger - INFO - RECEIVED - add_activity (trace id: 147661a6-99f6-4627-a245-1a49b2e3defc)
2025-04-25 16:43:57,106 - basicLogger - INFO - RESPONSE - add_activity (trace id: 838cef93-6283-4b29-968f-283921947914) has status 201
2025-04-25 16:43:57,110 - basicLogger - INFO - RECEIVED - add_match (trace id: 4f670910-cef8-47a7-954f-a478f44ac065)
2025-04-25 16:43:57,195 - basicLogger - INFO - RESPONSE - add_match (trace id: 35c861e9-cfb9-491c-aa04-1337041d3e88) has status 201
2025-04-25 16:43:57,200 - basicLogger - INFO - RECEIVED - add_activity (trace id: b5664bf3-01db-4a63-8db7-7aded8911e3f)
2025-04-25 16:43:57,241 - basicLogger - INFO - RESPONSE - add_activity (trace id: 5e119781-cca1-469d-be4c-fe16ba46ba85) has status 201
2025-04-25 16:43:57,245 - basicLogger - INFO - RECEIVED - add_match (trace id: c1789f1f-6fe8-4e3a-86e5-3957d429356d)
2025-04-25 16:43:57,266 - basicLogger - INFO - RESPONSE - add_match (trace id: 4b5ca859-dfd1-4784-b18b-878a2b05fd8f) has status 201
2025-04-25 16:43:57,266 - basicLogger - INFO - RESPONSE - add_match (trace id: f7d421b7-9298-4225-94f4-9e9cd2110f90) has status 201
2025-04-25 16:43:57,274 - basicLogger - INFO - RECEIVED - add_activity (trace id: 8ec5f2db-0e0d-4a87-9abd-8f3614e27b26)
2025-04-25 16:43:57,274 - basicLogger - INFO - RECEIVED - add_activity (trace id: c0e65822-cf30-4f57-b42b-01954dc8fce1)
2025-04-25 16:43:57,277 - basicLogger - INFO - RESPONSE - add_activity (trace id: 57796159-e406-47d0-b3b4-3ca9bfd8a93a) has status 201
2025-04-25 16:43:57,281 - basicLogger - INFO - RECEIVED - add_match (trace id: c5bc34e8-cd1b-4e47-9caa-4b68b16fd404)
2025-04-25 16:43:57,285 - basicLogger - INFO - RESPONSE - add_match (trace id: 36441b5b-fcff-4ba0-9c86-57888a06584c) has status 201
2025-04-25 16:43:57,290 - basicLogger - INFO - RECEIVED - add_activity (trace id: 6b2bba96-9ec9-4328-ba7d-ca34ebfeffbb)
2025-04-25 16:43:57,292 - basicLogger - INFO - RESPONSE - add_activity (trace id: 147661a6-99f6-4627-a245-1a49b2e3defc) has status 201
2025-04-25 16:43:57,295 - basicLogger - INFO - RESPONSE - add_activity (trace id: 66d2306a-5ae9-4411-aa9a-fd8275a5bd29) has status 201
2025-04-25 16:43:57,296 - basicLogger - INFO - RECEIVED - add_match (trace id: aff81edf-4d57-48ff-bf76-a4aec2021055)
2025-04-25 16:43:57,308 - basicLogger - INFO - RECEIVED - add_match (trace id: bd2cf123-0c42-4d03-9c1f-ea43fd43e132)
2025-04-25 16:43:57,318 - basicLogger - INFO - RESPONSE - add_match (trace id: 4f670910-cef8-47a7-954f-a478f44ac065) has status 201
2025-04-25 16:43:57,323 - basicLogger - INFO - RECEIVED - add_activity (trace id: 2cf7b8a0-5a6b-4944-9de7-0b424284c41d)
2025-04-25 16:43:57,324 - basicLogger - INFO - RESPONSE - add_activity (trace id: 6192048d-805c-47d3-b88a-7c09aba86e08) has status 201
2025-04-25 16:43:57,329 - basicLogger - INFO - RECEIVED - add_match (trace id: a0268054-bdde-4bf7-a461-5d99a4142bcc)
2025-04-25 16:43:57,418 - basicLogger - INFO - RESPONSE - add_activity (trace id: b5664bf3-01db-4a63-8db7-7aded8911e3f) has status 201
2025-04-25 16:43:57,423 - basicLogger - INFO - RECEIVED - add_match (trace id: 014edf52-5097-4e47-bcae-ac79e12cf619)
2025-04-25 16:43:57,458 - basicLogger - INFO - RESPONSE - add_match (trace id: c1789f1f-6fe8-4e3a-86e5-3957d429356d) has status 201
2025-04-25 16:43:57,461 - basicLogger - INFO - RESPONSE - add_activity (trace id: 8ec5f2db-0e0d-4a87-9abd-8f3614e27b26) has status 201
2025-04-25 16:43:57,463 - basicLogger - INFO - RECEIVED - add_activity (trace id: 166cba55-e8e4-4bd8-a712-75486d713df8)
2025-04-25 16:43:57,468 - basicLogger - INFO - RECEIVED - add_match (trace id: d5ae8110-90e7-4474-bddf-b092c1f14c4d)
2025-04-25 16:43:57,475 - basicLogger - INFO - RESPONSE - add_activity (trace id: c0e65822-cf30-4f57-b42b-01954dc8fce1) has status 201
2025-04-25 16:43:57,479 - basicLogger - INFO - RECEIVED - add_match (trace id: f8f0cdb0-0d09-4539-97a7-1324874f652a)
2025-04-25 16:43:57,480 - basicLogger - INFO - RESPONSE - add_match (trace id: c5bc34e8-cd1b-4e47-9caa-4b68b16fd404) has status 201
2025-04-25 16:43:57,485 - basicLogger - INFO - RECEIVED - add_activity (trace id: c8b87940-6018-421d-b694-673a5b77c326)
2025-04-25 16:43:57,493 - basicLogger - INFO - RESPONSE - add_match (trace id: aff81edf-4d57-48ff-bf76-a4aec2021055) has status 201
2025-04-25 16:43:57,499 - basicLogger - INFO - RECEIVED - add_activity (trace id: 76e0a43f-e5f4-4e31-a132-b6b8229f0c83)
2025-04-25 16:43:57,500 - basicLogger - INFO - RESPONSE - add_activity (trace id: 6b2bba96-9ec9-4328-ba7d-ca34ebfeffbb) has status 201
2025-04-25 16:43:57,503 - basicLogger - INFO - RECEIVED - add_match (trace id: 433c554f-720e-497b-a682-2b10e928f103)
2025-04-25 16:43:57,514 - basicLogger - INFO - RESPONSE - add_match (trace id: bd2cf123-0c42-4d03-9c1f-ea43fd43e132) has status 201
2025-04-25 16:43:57,519 - basicLogger - INFO - RECEIVED - add_activity (trace id: f23bb3bd-3876-49c4-a3f6-cf02e5d294b1)
2025-04-25 16:43:57,547 - basicLogger - INFO - RESPONSE - add_activity (trace id: 2cf7b8a0-5a6b-4944-9de7-0b424284c41d) has status 201
2025-04-25 16:43:57,547 - basicLogger - INFO - RESPONSE - add_match (trace id: a0268054-bdde-4bf7-a461-5d99a4142bcc) has status 201
2025-04-25 16:43:57,553 - basicLogger - INFO - RECEIVED - add_match (trace id: 806b8f27-9270-4486-a545-83a2d0fa531d)
2025-04-25 16:43:57,554 - basicLogger - INFO - RECEIVED - add_activity (trace id: a156776d-f1a9-4d7b-b0d8-363a71703692)
2025-04-25 16:43:57,642 - basicLogger - INFO - RESPONSE - add_match (trace id: 014edf52-5097-4e47-bcae-ac79e12cf619) has status 201
2025-04-25 16:43:57,647 - basicLogger - INFO - RECEIVED - add_activity (trace id: d8379e51-7127-42e0-95eb-06d93777827c)
2025-04-25 16:43:57,675 - basicLogger - INFO - RESPONSE - add_activity (trace id: c8b87940-6018-421d-b694-673a5b77c326) has status 201
2025-04-25 16:43:57,677 - basicLogger - INFO - RESPONSE - add_activity (trace id: f23bb3bd-3876-49c4-a3f6-cf02e5d294b1) has status 201
2025-04-25 16:43:57,681 - basicLogger - INFO - RECEIVED - add_match (trace id: b593d2aa-b86b-4c3b-a6ac-74f201b6a40d)
2025-04-25 16:43:57,694 - basicLogger - INFO - RECEIVED - add_match (trace id: fec693c2-7d71-487e-92e5-0383b3fba61e)
2025-04-25 16:43:57,697 - basicLogger - INFO - RESPONSE - add_match (trace id: d5ae8110-90e7-4474-bddf-b092c1f14c4d) has status 201
2025-04-25 16:43:57,697 - basicLogger - INFO - RESPONSE - add_activity (trace id: 166cba55-e8e4-4bd8-a712-75486d713df8) has status 201
2025-04-25 16:43:57,703 - basicLogger - INFO - RECEIVED - add_match (trace id: 25be6ac2-0e6f-4224-a416-8f7935aa60df)
2025-04-25 16:43:57,703 - basicLogger - INFO - RECEIVED - add_activity (trace id: ae9506a9-bd42-4a51-a7d4-4580a3d129ae)
2025-04-25 16:43:57,706 - basicLogger - INFO - RESPONSE - add_activity (trace id: 76e0a43f-e5f4-4e31-a132-b6b8229f0c83) has status 201
2025-04-25 16:43:57,711 - basicLogger - INFO - RECEIVED - add_match (trace id: 5fd1d0c8-37e0-409a-a402-a785ffbef0ba)
2025-04-25 16:43:57,712 - basicLogger - INFO - RESPONSE - add_match (trace id: 433c554f-720e-497b-a682-2b10e928f103) has status 201
2025-04-25 16:43:57,714 - basicLogger - INFO - RESPONSE - add_match (trace id: f8f0cdb0-0d09-4539-97a7-1324874f652a) has status 201
2025-04-25 16:43:57,724 - basicLogger - INFO - RECEIVED - add_activity (trace id: 3402761d-845a-44b7-b0e3-5b633e89c052)
2025-04-25 16:43:57,724 - basicLogger - INFO - RECEIVED - add_activity (trace id: ad79c54a-b776-4e36-8673-f3f6a9ccf4c4)
2025-04-25 16:43:57,733 - basicLogger - INFO - RESPONSE - add_match (trace id: 806b8f27-9270-4486-a545-83a2d0fa531d) has status 201
2025-04-25 16:43:57,738 - basicLogger - INFO - RECEIVED - add_activity (trace id: c47e6fa5-c247-40c3-881c-c617e52adaae)
2025-04-25 16:43:57,749 - basicLogger - INFO - RESPONSE - add_activity (trace id: a156776d-f1a9-4d7b-b0d8-363a71703692) has status 201
2025-04-25 16:43:57,754 - basicLogger - INFO - RECEIVED - add_match (trace id: 02f2a46c-3167-45da-b48b-5c43bcdb764d)
2025-04-25 16:43:57,840 - basicLogger - INFO - RESPONSE - add_activity (trace id: d8379e51-7127-42e0-95eb-06d93777827c) has status 201
2025-04-25 16:43:57,844 - basicLogger - INFO - RECEIVED - add_match (trace id: 0474d1e8-8215-4d06-8cff-f1138415adce)
2025-04-25 16:43:57,876 - basicLogger - INFO - RESPONSE - add_match (trace id: 5fd1d0c8-37e0-409a-a402-a785ffbef0ba) has status 201
2025-04-25 16:43:57,880 - basicLogger - INFO - RECEIVED - add_activity (trace id: de031d5d-984b-4d75-9471-2b711ddb3786)
2025-04-25 16:43:57,927 - basicLogger - INFO - RESPONSE - add_activity (trace id: 3402761d-845a-44b7-b0e3-5b633e89c052) has status 201
2025-04-25 16:43:57,931 - basicLogger - INFO - RECEIVED - add_match (trace id: 4d3c44d7-1723-4deb-9346-d2aa99fabb0a)
2025-04-25 16:43:57,931 - basicLogger - INFO - RESPONSE - add_match (trace id: 25be6ac2-0e6f-4224-a416-8f7935aa60df) has status 201
2025-04-25 16:43:57,937 - basicLogger - INFO - RECEIVED - add_activity (trace id: c1f7c106-d4a3-437b-95d8-5b29ef956ca9)
2025-04-25 16:43:57,938 - basicLogger - INFO - RESPONSE - add_activity (trace id: c47e6fa5-c247-40c3-881c-c617e52adaae) has status 201
2025-04-25 16:43:57,941 - basicLogger - INFO - RESPONSE - add_match (trace id: fec693c2-7d71-487e-92e5-0383b3fba61e) has status 201
2025-04-25 16:43:57,944 - basicLogger - INFO - RECEIVED - add_match (trace id: e962c841-f773-4024-9740-7971bb39ec7b)
2025-04-25 16:43:57,948 - basicLogger - INFO - RESPONSE - add_match (trace id: b593d2aa-b86b-4c3b-a6ac-74f201b6a40d) has status 201
2025-04-25 16:43:57,952 - basicLogger - INFO - RECEIVED - add_activity (trace id: 603dfd77-9537-414f-b754-c9f6be37e824)
2025-04-25 16:43:57,959 - basicLogger - INFO - RECEIVED - add_activity (trace id: c6f47378-6d15-48d3-bc66-c270969d3322)
2025-04-25 16:43:57,960 - basicLogger - INFO - RESPONSE - add_activity (trace id: ae9506a9-bd42-4a51-a7d4-4580a3d129ae) has status 201
2025-04-25 16:43:57,964 - basicLogger - INFO - RECEIVED - add_match (trace id: 2b83c4ea-6db6-4f60-9e3f-ef4f0d16199a)
2025-04-25 16:43:57,968 - basicLogger - INFO - RESPONSE - add_activity (trace id: ad79c54a-b776-4e36-8673-f3f6a9ccf4c4) has status 201
2025-04-25 16:43:57,970 - basicLogger - INFO - RESPONSE - add_match (trace id: 02f2a46c-3167-45da-b48b-5c43bcdb764d) has status 201
2025-04-25 16:43:57,975 - basicLogger - INFO - RECEIVED - add_activity (trace id: 2fa54172-b63d-4ec6-9f8a-e2f37ab0d5e3)
2025-04-25 16:43:57,975 - basicLogger - INFO - RECEIVED - add_match (trace id: d2ee8cf3-2d82-49b8-a25d-5728d0543a4b)
2025-04-25 16:43:57,977 - basicLogger - INFO - RESPONSE - add_match (trace id: 0474d1e8-8215-4d06-8cff-f1138415adce) has status 201
2025-04-25 16:43:57,980 - basicLogger - INFO - RECEIVED - add_activity (trace id: 1040ce5f-197c-4e30-b03d-63d5256c1bdd)
2025-04-25 16:43:57,981 - basicLogger - INFO - RESPONSE - add_activity (trace id: de031d5d-984b-4d75-9471-2b711ddb3786) has status 201
2025-04-25 16:43:57,984 - basicLogger - INFO - RECEIVED - add_match (trace id: af43cc5e-1787-4c55-abd1-bbfe07db8830)
2025-04-25 16:43:58,074 - basicLogger - INFO - RESPONSE - add_match (trace id: 4d3c44d7-1723-4deb-9346-d2aa99fabb0a) has status 201
2025-04-25 16:43:58,078 - basicLogger - INFO - RECEIVED - add_activity (trace id: a284bc1e-8e25-4103-8b52-b362a8aaec0c)
2025-04-25 16:43:58,095 - basicLogger - INFO - RESPONSE - add_match (trace id: e962c841-f773-4024-9740-7971bb39ec7b) has status 201
2025-04-25 16:43:58,105 - basicLogger - INFO - RESPONSE - add_activity (trace id: c1f7c106-d4a3-437b-95d8-5b29ef956ca9) has status 201
2025-04-25 16:43:58,111 - basicLogger - INFO - RECEIVED - add_match (trace id: fae9289f-a5c3-402e-bec3-01b47b759407)
2025-04-25 16:43:58,151 - basicLogger - INFO - RESPONSE - add_activity (trace id: 603dfd77-9537-414f-b754-c9f6be37e824) has status 201
2025-04-25 16:43:58,156 - basicLogger - INFO - RESPONSE - add_match (trace id: 2b83c4ea-6db6-4f60-9e3f-ef4f0d16199a) has status 201
2025-04-25 16:43:58,156 - basicLogger - INFO - RECEIVED - add_match (trace id: bdf646ae-6a84-42f9-a20a-672fa36f544d)
2025-04-25 16:43:58,161 - basicLogger - INFO - RECEIVED - add_activity (trace id: 7b5205d2-c8be-4902-a302-c753ff73f29d)
2025-04-25 16:43:58,171 - basicLogger - INFO - RESPONSE - add_activity (trace id: c6f47378-6d15-48d3-bc66-c270969d3322) has status 201
2025-04-25 16:43:58,176 - basicLogger - INFO - RECEIVED - add_match (trace id: 6225cc6e-b164-4099-a51a-1388da627618)
2025-04-25 16:43:58,202 - basicLogger - INFO - RESPONSE - add_match (trace id: af43cc5e-1787-4c55-abd1-bbfe07db8830) has status 201
2025-04-25 16:43:58,210 - basicLogger - INFO - RECEIVED - add_activity (trace id: 146888ed-67dd-4ef4-8be7-ee2ddfcd1abd)
2025-04-25 16:43:58,213 - basicLogger - INFO - RESPONSE - add_match (trace id: d2ee8cf3-2d82-49b8-a25d-5728d0543a4b) has status 201
2025-04-25 16:43:58,219 - basicLogger - INFO - RECEIVED - add_activity (trace id: 5b724c74-8321-495c-9947-cb0ef51a2865)
2025-04-25 16:43:58,220 - basicLogger - INFO - RESPONSE - add_activity (trace id: 2fa54172-b63d-4ec6-9f8a-e2f37ab0d5e3) has status 201
2025-04-25 16:43:58,224 - basicLogger - INFO - RESPONSE - add_activity (trace id: 1040ce5f-197c-4e30-b03d-63d5256c1bdd) has status 201
2025-04-25 16:43:58,224 - basicLogger - INFO - RECEIVED - add_match (trace id: 6d7d2dfa-8c4c-47d3-9361-c7dae5b7eb5c)
2025-04-25 16:43:58,228 - basicLogger - INFO - RECEIVED - add_match (trace id: e9b4fe5d-a0e5-4e80-ba3f-f40a88a894a4)
2025-04-25 16:43:58,283 - basicLogger - INFO - RESPONSE - add_match (trace id: fae9289f-a5c3-402e-bec3-01b47b759407) has status 201
2025-04-25 16:43:58,287 - basicLogger - INFO - RECEIVED - add_activity (trace id: 3a9d9644-f7b9-411c-931a-196894990c61)
2025-04-25 16:43:58,288 - basicLogger - INFO - RESPONSE - add_activity (trace id: a284bc1e-8e25-4103-8b52-b362a8aaec0c) has status 201
2025-04-25 16:43:58,290 - basicLogger - INFO - RESPONSE - add_match (trace id: bdf646ae-6a84-42f9-a20a-672fa36f544d) has status 201
2025-04-25 16:43:58,292 - basicLogger - INFO - RECEIVED - add_match (trace id: 99796342-3919-4d92-a481-23bf0ef5aff3)
2025-04-25 16:43:58,294 - basicLogger - INFO - RECEIVED - add_activity (trace id: 45426436-0f2e-4c79-84dc-1b5a37937a0d)
2025-04-25 16:43:58,331 - basicLogger - INFO - RESPONSE - add_activity (trace id: 7b5205d2-c8be-4902-a302-c753ff73f29d) has status 201
2025-04-25 16:43:58,335 - basicLogger - INFO - RECEIVED - add_match (trace id: 6d3fbc48-30ad-44c7-9350-e473c9fd2e84)
2025-04-25 16:43:58,384 - basicLogger - INFO - RESPONSE - add_activity (trace id: 146888ed-67dd-4ef4-8be7-ee2ddfcd1abd) has status 201
2025-04-25 16:43:58,389 - basicLogger - INFO - RECEIVED - add_match (trace id: f45f92ab-69b8-493f-aaf8-fc930b34a03e)
2025-04-25 16:43:58,393 - basicLogger - INFO - RESPONSE - add_match (trace id: 6225cc6e-b164-4099-a51a-1388da627618) has status 201
2025-04-25 16:43:58,399 - basicLogger - INFO - RESPONSE - add_match (trace id: e9b4fe5d-a0e5-4e80-ba3f-f40a88a894a4) has status 201
2025-04-25 16:43:58,403 - basicLogger - INFO - RECEIVED - add_activity (trace id: 3cb4f26e-5ad5-46d0-9b97-7cf0cfa5fb8f)
2025-04-25 16:43:58,405 - basicLogger - INFO - RESPONSE - add_activity (trace id: 5b724c74-8321-495c-9947-cb0ef51a2865) has status 201
2025-04-25 16:43:58,410 - basicLogger - INFO - RECEIVED - add_match (trace id: 62440c42-efef-4c05-836a-482c29ce98fa)
2025-04-25 16:43:58,432 - basicLogger - INFO - RESPONSE - add_match (trace id: 6d7d2dfa-8c4c-47d3-9361-c7dae5b7eb5c) has status 201
2025-04-25 16:43:58,436 - basicLogger - INFO - RECEIVED - add_activity (trace id: f2a05f1d-7098-4950-a3b9-51e147402433)
2025-04-25 16:43:58,448 - basicLogger - INFO - RESPONSE - add_activity (trace id: 3a9d9644-f7b9-411c-931a-196894990c61) has status 201
2025-04-25 16:43:58,451 - basicLogger - INFO - RECEIVED - add_match (trace id: 17aeff3c-a4b0-4ed2-a968-6445a4e198f9)
2025-04-25 16:43:58,462 - basicLogger - INFO - RESPONSE - add_activity (trace id: 45426436-0f2e-4c79-84dc-1b5a37937a0d) has status 201
2025-04-25 16:43:58,466 - basicLogger - INFO - RECEIVED - add_match (trace id: a1eb2359-4b9b-43dc-b1c2-c643f42ea152)
2025-04-25 16:43:58,476 - basicLogger - INFO - RESPONSE - add_match (trace id: 99796342-3919-4d92-a481-23bf0ef5aff3) has status 201
2025-04-25 16:43:58,518 - basicLogger - INFO - RESPONSE - add_match (trace id: 6d3fbc48-30ad-44c7-9350-e473c9fd2e84) has status 201
2025-04-25 16:43:58,524 - basicLogger - INFO - RECEIVED - add_activity (trace id: 5960a6f4-34df-4532-9657-ac798d9538f9)
2025-04-25 16:43:58,538 - basicLogger - INFO - RESPONSE - add_match (trace id: f45f92ab-69b8-493f-aaf8-fc930b34a03e) has status 201
2025-04-25 16:43:58,558 - basicLogger - INFO - RESPONSE - add_activity (trace id: 3cb4f26e-5ad5-46d0-9b97-7cf0cfa5fb8f) has status 201
2025-04-25 16:43:58,562 - basicLogger - INFO - RECEIVED - add_match (trace id: f733d310-603b-4978-a251-43ad2d98cfbc)
2025-04-25 16:43:58,571 - basicLogger - INFO - RESPONSE - add_match (trace id: 62440c42-efef-4c05-836a-482c29ce98fa) has status 201
2025-04-25 16:43:58,575 - basicLogger - INFO - RECEIVED - add_activity (trace id: 1cb9c810-55d0-4252-8282-daf6ae1a6b1b)
2025-04-25 16:43:58,586 - basicLogger - INFO - RESPONSE - add_activity (trace id: f2a05f1d-7098-4950-a3b9-51e147402433) has status 201
2025-04-25 16:43:58,590 - basicLogger - INFO - RECEIVED - add_match (trace id: d38d2fe9-e203-4ea2-8451-2eeac7d98d2a)
2025-04-25 16:43:58,592 - basicLogger - INFO - RESPONSE - add_match (trace id: 17aeff3c-a4b0-4ed2-a968-6445a4e198f9) has status 201
2025-04-25 16:43:58,595 - basicLogger - INFO - RECEIVED - add_activity (trace id: 1f625fdc-3e3a-430d-aaca-06ff0c9d5604)
2025-04-25 16:43:58,609 - basicLogger - INFO - RESPONSE - add_match (trace id: a1eb2359-4b9b-43dc-b1c2-c643f42ea152) has status 201
2025-04-25 16:43:58,613 - basicLogger - INFO - RECEIVED - add_activity (trace id: 905978ad-5ad8-4d3f-bac5-873bebf649b1)
2025-04-25 16:43:58,630 - basicLogger - INFO - RESPONSE - add_activity (trace id: 5960a6f4-34df-4532-9657-ac798d9538f9) has status 201
2025-04-25 16:43:58,634 - basicLogger - INFO - RECEIVED - add_match (trace id: d059b133-113c-454c-8d04-c4f59575a394)
2025-04-25 16:43:58,681 - basicLogger - INFO - RESPONSE - add_match (trace id: f733d310-603b-4978-a251-43ad2d98cfbc) has status 201
2025-04-25 16:43:58,686 - basicLogger - INFO - RECEIVED - add_activity (trace id: 933b9da9-cccc-4e76-aa06-35e0455984b0)
2025-04-25 16:43:58,706 - basicLogger - INFO - RESPONSE - add_match (trace id: d38d2fe9-e203-4ea2-8451-2eeac7d98d2a) has status 201
2025-04-25 16:43:58,711 - basicLogger - INFO - RECEIVED - add_activity (trace id: 0e1841a5-d223-470c-9df4-800c7341ccff)
2025-04-25 16:43:58,718 - basicLogger - INFO - RESPONSE - add_activity (trace id: 905978ad-5ad8-4d3f-bac5-873bebf649b1) has status 201
2025-04-25 16:43:58,721 - basicLogger - INFO - RECEIVED - add_match (trace id: d8feb71b-7d0c-4a94-ad39-513ba6529e1a)
2025-04-25 16:43:58,735 - basicLogger - INFO - RESPONSE - add_activity (trace id: 1cb9c810-55d0-4252-8282-daf6ae1a6b1b) has status 201
2025-04-25 16:43:58,739 - basicLogger - INFO - RECEIVED - add_match (trace id: 2181e4c9-08a8-4d8e-b2f3-60ee38edad2d)
2025-04-25 16:43:58,740 - basicLogger - INFO - RESPONSE - add_match (trace id: d059b133-113c-454c-8d04-c4f59575a394) has status 201
2025-04-25 16:43:58,743 - basicLogger - INFO - RECEIVED - add_activity (trace id: 86e45f82-d9b8-4f27-8dce-0c01d8a1445f)
2025-04-25 16:43:58,752 - basicLogger - INFO - RESPONSE - add_activity (trace id: 1f625fdc-3e3a-430d-aaca-06ff0c9d5604) has status 201
2025-04-25 16:43:58,756 - basicLogger - INFO - RECEIVED - add_match (trace id: 0f0ff8c1-32f5-4fe8-b262-45f8221086a1)
2025-04-25 16:43:58,802 - basicLogger - INFO - RESPONSE - add_activity (trace id: 933b9da9-cccc-4e76-aa06-35e0455984b0) has status 201
2025-04-25 16:43:58,804 - basicLogger - INFO - RECEIVED - add_match (trace id: c3b82e7d-96f6-4fb4-a39d-3482b6f5a0d2)
2025-04-25 16:43:58,899 - basicLogger - INFO - RESPONSE - add_match (trace id: d8feb71b-7d0c-4a94-ad39-513ba6529e1a) has status 201
2025-04-25 16:43:58,900 - basicLogger - INFO - RESPONSE - add_activity (trace id: 0e1841a5-d223-470c-9df4-800c7341ccff) has status 201
2025-04-25 16:43:58,907 - basicLogger - INFO - RECEIVED - add_activity (trace id: 1f3ce8be-4e08-4283-a2fe-4335b5f641b2)
2025-04-25 16:43:58,907 - basicLogger - INFO - RECEIVED - add_match (trace id: d20c1751-e2a8-49e1-bde7-1c3cfff440e5)
2025-04-25 16:43:58,909 - basicLogger - INFO - RESPONSE - add_match (trace id: 0f0ff8c1-32f5-4fe8-b262-45f8221086a1) has status 201
2025-04-25 16:43:58,910 - basicLogger - INFO - RESPONSE - add_match (trace id: 2181e4c9-08a8-4d8e-b2f3-60ee38edad2d) has status 201
2025-04-25 16:43:58,914 - basicLogger - INFO - RESPONSE - add_activity (trace id: 86e45f82-d9b8-4f27-8dce-0c01d8a1445f) has status 201
2025-04-25 16:43:58,918 - basicLogger - INFO - RECEIVED - add_activity (trace id: d590a1d2-3615-493f-8074-3b833befae40)
2025-04-25 16:43:58,919 - basicLogger - INFO - RECEIVED - add_activity (trace id: 51703ae9-ccae-4a8f-a6e3-33eff79babeb)
2025-04-25 16:43:58,921 - basicLogger - INFO - RESPONSE - add_match (trace id: c3b82e7d-96f6-4fb4-a39d-3482b6f5a0d2) has status 201
2025-04-25 16:43:58,923 - basicLogger - INFO - RECEIVED - add_match (trace id: c6c637b9-43b9-4165-8444-a320bc4e4d8d)
2025-04-25 16:43:59,003 - basicLogger - INFO - RESPONSE - add_match (trace id: d20c1751-e2a8-49e1-bde7-1c3cfff440e5) has status 201
2025-04-25 16:43:59,013 - basicLogger - INFO - RESPONSE - add_activity (trace id: 1f3ce8be-4e08-4283-a2fe-4335b5f641b2) has status 201
2025-04-25 16:43:59,018 - basicLogger - INFO - RECEIVED - add_match (trace id: a59e9a42-b6ae-495c-94a9-5369acce050e)
2025-04-25 16:43:59,020 - basicLogger - INFO - RESPONSE - add_activity (trace id: d590a1d2-3615-493f-8074-3b833befae40) has status 201
2025-04-25 16:43:59,023 - basicLogger - INFO - RECEIVED - add_match (trace id: 38296a0f-2df8-456a-b94e-1db3f8bde46e)
2025-04-25 16:43:59,024 - basicLogger - INFO - RESPONSE - add_match (trace id: c6c637b9-43b9-4165-8444-a320bc4e4d8d) has status 201
2025-04-25 16:43:59,027 - basicLogger - INFO - RECEIVED - add_activity (trace id: 27592312-3cfe-467f-b5cd-a4b276892c8e)
2025-04-25 16:43:59,028 - basicLogger - INFO - RESPONSE - add_activity (trace id: 51703ae9-ccae-4a8f-a6e3-33eff79babeb) has status 201
2025-04-25 16:43:59,031 - basicLogger - INFO - RECEIVED - add_match (trace id: 534a6567-a9cb-4c58-8dd2-869db9520bcc)
2025-04-25 16:43:59,084 - basicLogger - INFO - RESPONSE - add_match (trace id: a59e9a42-b6ae-495c-94a9-5369acce050e) has status 201
2025-04-25 16:43:59,116 - basicLogger - INFO - RESPONSE - add_match (trace id: 38296a0f-2df8-456a-b94e-1db3f8bde46e) has status 201
2025-04-25 16:43:59,119 - basicLogger - INFO - RESPONSE - add_activity (trace id: 27592312-3cfe-467f-b5cd-a4b276892c8e) has status 201
2025-04-25 16:43:59,125 - basicLogger - INFO - RECEIVED - add_match (trace id: 80ffd22b-0c61-4c3c-a56a-31fb56b32c91)
2025-04-25 16:43:59,126 - basicLogger - INFO - RESPONSE - add_match (trace id: 534a6567-a9cb-4c58-8dd2-869db9520bcc) has status 201
2025-04-25 16:43:59,130 - basicLogger - INFO - RECEIVED - add_activity (trace id: b78a9722-f94f-4cc1-b8bd-516592e2aaeb)
2025-04-25 16:43:59,172 - basicLogger - INFO - RESPONSE - add_match (trace id: 80ffd22b-0c61-4c3c-a56a-31fb56b32c91) has status 201
2025-04-25 16:43:59,179 - basicLogger - INFO - RESPONSE - add_activity (trace id: b78a9722-f94f-4cc1-b8bd-516592e2aaeb) has status 201
2025-04-25 16:43:59,182 - basicLogger - INFO - RECEIVED - add_match (trace id: 4b4d1e2e-5bee-4ee3-9745-fae75194b671)
2025-04-25 16:43:59,218 - basicLogger - INFO - RESPONSE - add_match (trace id: 4b4d1e2e-5bee-4ee3-9745-fae75194b671) has status 201
